2026-06-04 16:49:35 [INFO ] Iniciando entrenamiento — 3 epochs
2026-06-04 16:49:35 [INFO ] Configuración: modelo=vit_base_patch16_224 | batch=32/GPU (global=64, 2 GPUs) | epochs=3 | lr=0.0001 | train=5000 | val=1500 | origen=backfill
2026-06-04 16:49:35 [INFO ] 
── Epoch 001/003 ────────────────────────────
2026-06-04 16:50:58 [INFO ] [energy] DDPTrainer.train_epoch: 5162.0 J  (1.43389 Wh)  potencia media 65.6 W
2026-06-04 16:50:58 [INFO ] [timed] DDPTrainer.train_epoch: 83.26s
2026-06-04 16:51:08 [INFO ] [energy] DDPTrainer.eval_epoch: 557.2 J  (0.15478 Wh)  potencia media 63.3 W
2026-06-04 16:51:08 [INFO ] [timed] DDPTrainer.eval_epoch: 9.60s
2026-06-04 16:51:08 [INFO ]   loss           train=0.3457  val=0.2805
2026-06-04 16:51:08 [INFO ]   f1             train=0.1578  val=0.1726
2026-06-04 16:51:08 [INFO ]   accuracy       train=0.8477  val=0.8784
2026-06-04 16:51:08 [INFO ]   precision      val=0.3558
2026-06-04 16:51:08 [INFO ]   recall         val=0.1460
2026-06-04 16:51:09 [INFO ] [Epoch 001] Checkpoint guardado
2026-06-04 16:51:09 [INFO ]   ETA: 0h 03m  (83s/epoch, best_f1=0.1726)  (threshold óptimo=0.30, F1=0.3060)
2026-06-04 16:51:09 [INFO ] 
── Epoch 002/003 ────────────────────────────
2026-06-04 16:52:35 [INFO ] [energy] DDPTrainer.train_epoch: 5346.8 J  (1.48521 Wh)  potencia media 66.0 W
2026-06-04 16:52:35 [INFO ] [timed] DDPTrainer.train_epoch: 85.63s
2026-06-04 16:52:44 [INFO ] [energy] DDPTrainer.eval_epoch: 545.2 J  (0.15144 Wh)  potencia media 63.4 W
2026-06-04 16:52:44 [INFO ] [timed] DDPTrainer.eval_epoch: 9.33s
2026-06-04 16:52:44 [INFO ]   loss           train=0.2482  val=0.2522
2026-06-04 16:52:44 [INFO ]   f1             train=0.2966  val=0.3430
2026-06-04 16:52:44 [INFO ]   accuracy       train=0.8933  val=0.8877
2026-06-04 16:52:44 [INFO ]   precision      val=0.5182
2026-06-04 16:52:44 [INFO ]   recall         val=0.3116
2026-06-04 16:52:45 [INFO ] [Epoch 002] Checkpoint guardado
2026-06-04 16:52:45 [INFO ]   ETA: 0h 01m  (86s/epoch, best_f1=0.3430)  (threshold óptimo=0.30, F1=0.3957)
2026-06-04 16:52:45 [INFO ] 
── Epoch 003/003 ────────────────────────────
2026-06-04 16:54:10 [INFO ] [energy] DDPTrainer.train_epoch: 5317.4 J  (1.47706 Wh)  potencia media 66.1 W
2026-06-04 16:54:10 [INFO ] [timed] DDPTrainer.train_epoch: 85.22s
2026-06-04 16:54:21 [INFO ] [energy] DDPTrainer.eval_epoch: 592.9 J  (0.16470 Wh)  potencia media 61.8 W
2026-06-04 16:54:21 [INFO ] [timed] DDPTrainer.eval_epoch: 10.30s
2026-06-04 16:54:21 [INFO ]   loss           train=0.2145  val=0.2259
2026-06-04 16:54:21 [INFO ]   f1             train=0.4071  val=0.4104
2026-06-04 16:54:21 [INFO ]   accuracy       train=0.9101  val=0.9015
2026-06-04 16:54:21 [INFO ]   precision      val=0.5157
2026-06-04 16:54:21 [INFO ]   recall         val=0.3592
2026-06-04 16:54:22 [INFO ] [Epoch 003] Checkpoint guardado
2026-06-04 16:54:22 [INFO ]   ETA: 0h 00m  (85s/epoch, best_f1=0.4104)  (threshold óptimo=0.30, F1=0.4692)
2026-06-04 16:54:22 [INFO ] Entrenamiento completado — mejor Val F1: 0.4104
