2026-06-10 20:53:34 [INFO ] Configuración: modelo=vit_base_patch16_224 | batch=96/GPU (global=96) | epochs=2 | lr=0.0001 | precision=fp32 | train=5000 | val=1500
2026-06-10 20:53:34 [INFO ] === Arquitectura del modelo (torchinfo) ===
2026-06-10 20:53:35 [INFO ] ===============================================================================================
2026-06-10 20:53:35 [INFO ] Layer (type:depth-idx)                        Output Shape              Param #
2026-06-10 20:53:35 [INFO ] ===============================================================================================
2026-06-10 20:53:35 [INFO ] BigEarthModel                                 [1, 19]                   --
2026-06-10 20:53:35 [INFO ] ├─VisionTransformer: 1-1                      [1, 768]                  152,064
2026-06-10 20:53:35 [INFO ] │    └─PatchEmbed: 2-1                        [1, 196, 768]             --
2026-06-10 20:53:35 [INFO ] │    │    └─Conv2d: 3-1                       [1, 768, 14, 14]          590,592
2026-06-10 20:53:35 [INFO ] │    │    └─Identity: 3-2                     [1, 196, 768]             --
2026-06-10 20:53:35 [INFO ] │    └─Dropout: 2-2                           [1, 197, 768]             --
2026-06-10 20:53:35 [INFO ] │    └─Identity: 2-3                          [1, 197, 768]             --
2026-06-10 20:53:35 [INFO ] │    └─Identity: 2-4                          [1, 197, 768]             --
2026-06-10 20:53:35 [INFO ] │    └─Sequential: 2-5                        [1, 197, 768]             --
2026-06-10 20:53:35 [INFO ] │    │    └─Block: 3-3                        [1, 197, 768]             7,087,872
2026-06-10 20:53:35 [INFO ] │    │    └─Block: 3-4                        [1, 197, 768]             7,087,872
2026-06-10 20:53:35 [INFO ] │    │    └─Block: 3-5                        [1, 197, 768]             7,087,872
2026-06-10 20:53:35 [INFO ] │    │    └─Block: 3-6                        [1, 197, 768]             7,087,872
2026-06-10 20:53:35 [INFO ] │    │    └─Block: 3-7                        [1, 197, 768]             7,087,872
2026-06-10 20:53:35 [INFO ] │    │    └─Block: 3-8                        [1, 197, 768]             7,087,872
2026-06-10 20:53:35 [INFO ] │    │    └─Block: 3-9                        [1, 197, 768]             7,087,872
2026-06-10 20:53:35 [INFO ] │    │    └─Block: 3-10                       [1, 197, 768]             7,087,872
2026-06-10 20:53:35 [INFO ] │    │    └─Block: 3-11                       [1, 197, 768]             7,087,872
2026-06-10 20:53:35 [INFO ] │    │    └─Block: 3-12                       [1, 197, 768]             7,087,872
2026-06-10 20:53:35 [INFO ] │    │    └─Block: 3-13                       [1, 197, 768]             7,087,872
2026-06-10 20:53:35 [INFO ] │    │    └─Block: 3-14                       [1, 197, 768]             7,087,872
2026-06-10 20:53:35 [INFO ] │    └─LayerNorm: 2-6                         [1, 197, 768]             1,536
2026-06-10 20:53:35 [INFO ] │    └─Identity: 2-7                          [1, 768]                  --
2026-06-10 20:53:35 [INFO ] │    └─Dropout: 2-8                           [1, 768]                  --
2026-06-10 20:53:35 [INFO ] │    └─Identity: 2-9                          [1, 768]                  --
2026-06-10 20:53:35 [INFO ] ├─Sequential: 1-2                             [1, 19]                   --
2026-06-10 20:53:35 [INFO ] │    └─Dropout: 2-10                          [1, 768]                  --
2026-06-10 20:53:35 [INFO ] │    └─Linear: 2-11                           [1, 19]                   14,611
2026-06-10 20:53:35 [INFO ] ===============================================================================================
2026-06-10 20:53:35 [INFO ] Total params: 85,813,267
2026-06-10 20:53:35 [INFO ] Trainable params: 85,813,267
2026-06-10 20:53:35 [INFO ] Non-trainable params: 0
2026-06-10 20:53:35 [INFO ] Total mult-adds (Units.MEGABYTES): 200.83
2026-06-10 20:53:35 [INFO ] ===============================================================================================
2026-06-10 20:53:35 [INFO ] Input size (MB): 0.60
2026-06-10 20:53:35 [INFO ] Forward/backward pass size (MB): 162.18
2026-06-10 20:53:35 [INFO ] Params size (MB): 342.64
2026-06-10 20:53:35 [INFO ] Estimated Total Size (MB): 505.43
2026-06-10 20:53:35 [INFO ] ===============================================================================================
2026-06-10 20:53:35 [INFO ] Iniciando entrenamiento profundo — 2 epochs | módulos: 280 | params: 152 | features: anomalies, batch-table, grad-monitor, model-summary
2026-06-10 20:53:35 [INFO ] [E001/2] ── Entrenamiento  GPU=0.4GB/0.4GB  LR=1.78e-07 … 1.00e-05 (30 groups)
2026-06-10 20:58:40 [INFO ] [energy] Trainer.eval_epoch: 2372.3 J  (0.65897 Wh)  potencia media 63.9 W
2026-06-10 20:58:42 [INFO ] [Epoch 001] Checkpoint guardado
2026-06-10 20:58:42 [INFO ] [E001] Neuronas muertas en 6 capas: ['backbone.blocks.9.mlp.act', 'backbone.blocks.9.mlp.drop1', 'backbone.blocks.9.mlp.norm']
2026-06-10 20:58:42 [INFO ] [E001] Update ratio anómalo en 9 params
2026-06-10 20:58:42 [INFO ] [E001/2] ══ RESUMEN  train_loss=0.3894  train_f1=0.1501  train_acc=0.8205 | val_loss=0.2869  val_f1=0.1649  val_acc=0.8783  best=0.1649 | val_prec=0.3456  val_rec=0.1468 | time=266s  ETA=0h 05m  GPU=1.4GB/13.0GB
2026-06-10 20:58:42 [INFO ] [E002/2] ── Entrenamiento  GPU=1.4GB/13.0GB  LR=1.78e-06 … 1.00e-04 (30 groups)
2026-06-10 21:03:50 [INFO ] [energy] Trainer.eval_epoch: 2343.0 J  (0.65082 Wh)  potencia media 63.5 W
2026-06-10 21:03:53 [INFO ] [Epoch 002] Checkpoint guardado
2026-06-10 21:03:53 [INFO ] [E002] Neuronas muertas en 6 capas: ['backbone.blocks.9.mlp.act', 'backbone.blocks.9.mlp.drop1', 'backbone.blocks.9.mlp.norm']
2026-06-10 21:03:53 [INFO ] [E002] Update ratio anómalo en 9 params
2026-06-10 21:03:53 [INFO ] [E002/2] ══ RESUMEN  train_loss=0.2576  train_f1=0.2818  train_acc=0.8896 | val_loss=0.2439  val_f1=0.3505  val_acc=0.8953  best=0.3505 | val_prec=0.4915  val_rec=0.3003 | time=269s  ETA=0h 00m  GPU=1.4GB/13.0GB
2026-06-10 21:03:53 [INFO ] Entrenamiento completado — mejor Val F1: 0.3505
