2026-06-10 17:39:11 [INFO ] Configuración: modelo=vit_base_patch16_224 | batch=96/GPU (global=96) | epochs=15 | lr=0.0001 | precision=fp32 | train=5000 | val=1500
2026-06-10 17:39:11 [INFO ] Iniciando entrenamiento — 15 epochs
2026-06-10 17:39:11 [INFO ] 
── Epoch 001/015 ────────────────────────────
2026-06-10 17:42:18 [INFO ] [energy] Trainer.train_epoch: 11532.2 J  (3.20339 Wh)  potencia media 64.8 W
2026-06-10 17:42:18 [INFO ] [timed] Trainer.train_epoch: 186.52s
2026-06-10 17:42:41 [INFO ] [energy] Trainer.eval_epoch: 1366.9 J  (0.37970 Wh)  potencia media 61.9 W
2026-06-10 17:42:41 [INFO ] [timed] Trainer.eval_epoch: 23.18s
2026-06-10 17:42:41 [INFO ]   loss           train=0.3738  val=0.2911
2026-06-10 17:42:41 [INFO ]   f1             train=0.1382  val=0.1404
2026-06-10 17:42:41 [INFO ]   accuracy       train=0.8271  val=0.8736
2026-06-10 17:42:41 [INFO ]   precision      val=0.3923
2026-06-10 17:42:41 [INFO ]   recall         val=0.1101
2026-06-10 17:42:42 [INFO ] [Epoch 001] Checkpoint guardado
2026-06-10 17:42:42 [INFO ]   ETA: 0h 48m  (186s/epoch, best_f1=0.1404)  (threshold óptimo=0.30, F1=0.2787)
2026-06-10 17:42:42 [INFO ] 
── Epoch 002/015 ────────────────────────────
2026-06-10 17:45:55 [INFO ] [energy] Trainer.train_epoch: 11909.0 J  (3.30806 Wh)  potencia media 64.5 W
2026-06-10 17:45:55 [INFO ] [timed] Trainer.train_epoch: 193.28s
2026-06-10 17:46:17 [INFO ] [energy] Trainer.eval_epoch: 1310.4 J  (0.36399 Wh)  potencia media 63.3 W
2026-06-10 17:46:17 [INFO ] [timed] Trainer.eval_epoch: 21.72s
2026-06-10 17:46:17 [INFO ]   loss           train=0.2521  val=0.2442
2026-06-10 17:46:17 [INFO ]   f1             train=0.2936  val=0.3364
2026-06-10 17:46:17 [INFO ]   accuracy       train=0.8910  val=0.8941
2026-06-10 17:46:17 [INFO ]   precision      val=0.4516
2026-06-10 17:46:17 [INFO ]   recall         val=0.3064
2026-06-10 17:46:18 [INFO ] [Epoch 002] Checkpoint guardado
2026-06-10 17:46:18 [INFO ]   ETA: 0h 46m  (193s/epoch, best_f1=0.3364)  (threshold óptimo=0.30, F1=0.3814)
2026-06-10 17:46:18 [INFO ] 
── Epoch 003/015 ────────────────────────────
2026-06-10 17:49:33 [INFO ] [energy] Trainer.train_epoch: 11932.9 J  (3.31469 Wh)  potencia media 64.4 W
2026-06-10 17:49:33 [INFO ] [timed] Trainer.train_epoch: 194.18s
2026-06-10 17:49:55 [INFO ] [energy] Trainer.eval_epoch: 1337.7 J  (0.37158 Wh)  potencia media 63.1 W
2026-06-10 17:49:55 [INFO ] [timed] Trainer.eval_epoch: 22.25s
2026-06-10 17:49:55 [INFO ]   loss           train=0.2178  val=0.2263
2026-06-10 17:49:55 [INFO ]   f1             train=0.3873  val=0.3969
2026-06-10 17:49:55 [INFO ]   accuracy       train=0.9071  val=0.9020
2026-06-10 17:49:55 [INFO ]   precision      val=0.4896
2026-06-10 17:49:55 [INFO ]   recall         val=0.3647
2026-06-10 17:49:56 [INFO ] [Epoch 003] Checkpoint guardado
2026-06-10 17:49:56 [INFO ]   ETA: 0h 42m  (194s/epoch, best_f1=0.3969)  (threshold óptimo=0.30, F1=0.4429)
2026-06-10 17:49:56 [INFO ] 
── Epoch 004/015 ────────────────────────────
2026-06-10 17:53:10 [INFO ] [energy] Trainer.train_epoch: 11977.5 J  (3.32707 Wh)  potencia media 64.5 W
2026-06-10 17:53:10 [INFO ] [timed] Trainer.train_epoch: 194.34s
2026-06-10 17:53:32 [INFO ] [energy] Trainer.eval_epoch: 1319.6 J  (0.36655 Wh)  potencia media 62.5 W
2026-06-10 17:53:32 [INFO ] [timed] Trainer.eval_epoch: 22.12s
2026-06-10 17:53:32 [INFO ]   loss           train=0.1996  val=0.2210
2026-06-10 17:53:32 [INFO ]   f1             train=0.4439  val=0.3946
2026-06-10 17:53:32 [INFO ]   accuracy       train=0.9155  val=0.9060
2026-06-10 17:53:32 [INFO ]   precision      val=0.5749
2026-06-10 17:53:32 [INFO ]   recall         val=0.3563
2026-06-10 17:53:32 [INFO ]   ETA: 0h 39m  (194s/epoch, best_f1=0.3969)  (threshold óptimo=0.30, F1=0.4718)
2026-06-10 17:53:32 [INFO ] 
── Epoch 005/015 ────────────────────────────
2026-06-10 17:56:46 [INFO ] [energy] Trainer.train_epoch: 11951.4 J  (3.31983 Wh)  potencia media 64.7 W
2026-06-10 17:56:46 [INFO ] [timed] Trainer.train_epoch: 193.56s
2026-06-10 17:57:08 [INFO ] [energy] Trainer.eval_epoch: 1344.8 J  (0.37356 Wh)  potencia media 63.1 W
2026-06-10 17:57:08 [INFO ] [timed] Trainer.eval_epoch: 22.36s
2026-06-10 17:57:08 [INFO ]   loss           train=0.1809  val=0.2136
2026-06-10 17:57:08 [INFO ]   f1             train=0.4985  val=0.4788
2026-06-10 17:57:08 [INFO ]   accuracy       train=0.9240  val=0.9093
2026-06-10 17:57:08 [INFO ]   precision      val=0.5937
2026-06-10 17:57:08 [INFO ]   recall         val=0.4377
2026-06-10 17:57:10 [INFO ] [Epoch 005] Checkpoint guardado
2026-06-10 17:57:10 [INFO ]   ETA: 0h 35m  (193s/epoch, best_f1=0.4788)  (threshold óptimo=0.30, F1=0.5409)
2026-06-10 17:57:10 [INFO ] 
── Epoch 006/015 ────────────────────────────
2026-06-10 18:00:23 [INFO ] [energy] Trainer.train_epoch: 11924.7 J  (3.31240 Wh)  potencia media 64.5 W
2026-06-10 18:00:23 [INFO ] [timed] Trainer.train_epoch: 193.57s
2026-06-10 18:00:45 [INFO ] [energy] Trainer.eval_epoch: 1335.3 J  (0.37091 Wh)  potencia media 63.3 W
2026-06-10 18:00:45 [INFO ] [timed] Trainer.eval_epoch: 22.11s
2026-06-10 18:00:45 [INFO ]   loss           train=0.1647  val=0.2202
2026-06-10 18:00:45 [INFO ]   f1             train=0.5651  val=0.5078
2026-06-10 18:00:45 [INFO ]   accuracy       train=0.9301  val=0.9052
2026-06-10 18:00:45 [INFO ]   precision      val=0.6021
2026-06-10 18:00:45 [INFO ]   recall         val=0.4856
2026-06-10 18:00:46 [INFO ] [Epoch 006] Checkpoint guardado
2026-06-10 18:00:46 [INFO ]   ETA: 0h 32m  (194s/epoch, best_f1=0.5078)  (threshold óptimo=0.30, F1=0.5406)
2026-06-10 18:00:46 [INFO ] 
── Epoch 007/015 ────────────────────────────
2026-06-10 18:04:01 [INFO ] [energy] Trainer.train_epoch: 11998.2 J  (3.33284 Wh)  potencia media 64.7 W
2026-06-10 18:04:01 [INFO ] [timed] Trainer.train_epoch: 194.22s
2026-06-10 18:04:23 [INFO ] [energy] Trainer.eval_epoch: 1340.0 J  (0.37222 Wh)  potencia media 62.9 W
2026-06-10 18:04:23 [INFO ] [timed] Trainer.eval_epoch: 22.32s
2026-06-10 18:04:23 [INFO ]   loss           train=0.1474  val=0.2052
2026-06-10 18:04:23 [INFO ]   f1             train=0.6250  val=0.5341
2026-06-10 18:04:23 [INFO ]   accuracy       train=0.9387  val=0.9144
2026-06-10 18:04:23 [INFO ]   precision      val=0.6532
2026-06-10 18:04:23 [INFO ]   recall         val=0.4947
2026-06-10 18:04:24 [INFO ] [Epoch 007] Checkpoint guardado
2026-06-10 18:04:24 [INFO ]   ETA: 0h 28m  (194s/epoch, best_f1=0.5341)  (threshold óptimo=0.30, F1=0.5662)
2026-06-10 18:04:24 [INFO ] 
── Epoch 008/015 ────────────────────────────
2026-06-10 18:07:38 [INFO ] [energy] Trainer.train_epoch: 11984.4 J  (3.32900 Wh)  potencia media 64.6 W
2026-06-10 18:07:38 [INFO ] [timed] Trainer.train_epoch: 194.18s
2026-06-10 18:08:01 [INFO ] [energy] Trainer.eval_epoch: 1344.0 J  (0.37334 Wh)  potencia media 63.1 W
2026-06-10 18:08:01 [INFO ] [timed] Trainer.eval_epoch: 22.32s
2026-06-10 18:08:01 [INFO ]   loss           train=0.1314  val=0.2089
2026-06-10 18:08:01 [INFO ]   f1             train=0.7083  val=0.5439
2026-06-10 18:08:01 [INFO ]   accuracy       train=0.9457  val=0.9161
2026-06-10 18:08:01 [INFO ]   precision      val=0.6303
2026-06-10 18:08:01 [INFO ]   recall         val=0.4970
2026-06-10 18:08:02 [INFO ] [Epoch 008] Checkpoint guardado
2026-06-10 18:08:02 [INFO ]   ETA: 0h 25m  (194s/epoch, best_f1=0.5439)  (threshold óptimo=0.30, F1=0.5778)
2026-06-10 18:08:02 [INFO ] 
── Epoch 009/015 ────────────────────────────
2026-06-10 18:11:16 [INFO ] [energy] Trainer.train_epoch: 11945.4 J  (3.31817 Wh)  potencia media 64.4 W
2026-06-10 18:11:16 [INFO ] [timed] Trainer.train_epoch: 194.24s
2026-06-10 18:11:38 [INFO ] [energy] Trainer.eval_epoch: 1341.2 J  (0.37255 Wh)  potencia media 63.3 W
2026-06-10 18:11:38 [INFO ] [timed] Trainer.eval_epoch: 22.24s
2026-06-10 18:11:38 [INFO ]   loss           train=0.1139  val=0.2199
2026-06-10 18:11:38 [INFO ]   f1             train=0.7419  val=0.5325
2026-06-10 18:11:38 [INFO ]   accuracy       train=0.9529  val=0.9132
2026-06-10 18:11:38 [INFO ]   precision      val=0.6400
2026-06-10 18:11:38 [INFO ]   recall         val=0.4941
2026-06-10 18:11:38 [INFO ]   ETA: 0h 21m  (194s/epoch, best_f1=0.5439)  (threshold óptimo=0.30, F1=0.5649)
2026-06-10 18:11:38 [INFO ] 
── Epoch 010/015 ────────────────────────────
2026-06-10 18:14:53 [INFO ] [energy] Trainer.train_epoch: 12048.0 J  (3.34666 Wh)  potencia media 64.7 W
2026-06-10 18:14:53 [INFO ] [timed] Trainer.train_epoch: 194.99s
2026-06-10 18:15:15 [INFO ] [energy] Trainer.eval_epoch: 1330.4 J  (0.36956 Wh)  potencia media 63.4 W
2026-06-10 18:15:15 [INFO ] [timed] Trainer.eval_epoch: 22.05s
2026-06-10 18:15:15 [INFO ]   loss           train=0.1002  val=0.2243
2026-06-10 18:15:15 [INFO ]   f1             train=0.7780  val=0.5571
2026-06-10 18:15:15 [INFO ]   accuracy       train=0.9605  val=0.9158
2026-06-10 18:15:15 [INFO ]   precision      val=0.6525
2026-06-10 18:15:15 [INFO ]   recall         val=0.5052
2026-06-10 18:15:16 [INFO ] [Epoch 010] Checkpoint guardado
2026-06-10 18:15:16 [INFO ]   ETA: 0h 17m  (195s/epoch, best_f1=0.5571)  (threshold óptimo=0.30, F1=0.5782)
2026-06-10 18:15:16 [INFO ] 
── Epoch 011/015 ────────────────────────────
2026-06-10 18:18:31 [INFO ] [energy] Trainer.train_epoch: 11950.4 J  (3.31956 Wh)  potencia media 64.5 W
2026-06-10 18:18:31 [INFO ] [timed] Trainer.train_epoch: 194.14s
2026-06-10 18:18:52 [INFO ] [energy] Trainer.eval_epoch: 1321.6 J  (0.36711 Wh)  potencia media 63.2 W
2026-06-10 18:18:52 [INFO ] [timed] Trainer.eval_epoch: 21.93s
2026-06-10 18:18:52 [INFO ]   loss           train=0.0880  val=0.2287
2026-06-10 18:18:52 [INFO ]   f1             train=0.8155  val=0.5565
2026-06-10 18:18:52 [INFO ]   accuracy       train=0.9659  val=0.9161
2026-06-10 18:18:52 [INFO ]   precision      val=0.6316
2026-06-10 18:18:52 [INFO ]   recall         val=0.5138
2026-06-10 18:18:52 [INFO ]   ETA: 0h 14m  (194s/epoch, best_f1=0.5571)  (threshold óptimo=0.35, F1=0.5763)
2026-06-10 18:18:52 [INFO ] 
── Epoch 012/015 ────────────────────────────
2026-06-10 18:22:06 [INFO ] [energy] Trainer.train_epoch: 11975.5 J  (3.32653 Wh)  potencia media 64.7 W
2026-06-10 18:22:06 [INFO ] [timed] Trainer.train_epoch: 193.91s
2026-06-10 18:22:29 [INFO ] [energy] Trainer.eval_epoch: 1329.9 J  (0.36940 Wh)  potencia media 63.0 W
2026-06-10 18:22:29 [INFO ] [timed] Trainer.eval_epoch: 22.11s
2026-06-10 18:22:29 [INFO ]   loss           train=0.0765  val=0.2302
2026-06-10 18:22:29 [INFO ]   f1             train=0.8321  val=0.5579
2026-06-10 18:22:29 [INFO ]   accuracy       train=0.9716  val=0.9146
2026-06-10 18:22:29 [INFO ]   precision      val=0.6370
2026-06-10 18:22:29 [INFO ]   recall         val=0.5229
2026-06-10 18:22:30 [INFO ] [Epoch 012] Checkpoint guardado
2026-06-10 18:22:30 [INFO ]   ETA: 0h 10m  (194s/epoch, best_f1=0.5579)  (threshold óptimo=0.35, F1=0.5791)
2026-06-10 18:22:30 [INFO ] 
── Epoch 013/015 ────────────────────────────
2026-06-10 18:25:44 [INFO ] [energy] Trainer.train_epoch: 11985.2 J  (3.32922 Wh)  potencia media 64.5 W
2026-06-10 18:25:44 [INFO ] [timed] Trainer.train_epoch: 194.41s
2026-06-10 18:26:06 [INFO ] [energy] Trainer.eval_epoch: 1340.6 J  (0.37240 Wh)  potencia media 63.2 W
2026-06-10 18:26:06 [INFO ] [timed] Trainer.eval_epoch: 22.21s
2026-06-10 18:26:06 [INFO ]   loss           train=0.0669  val=0.2327
2026-06-10 18:26:06 [INFO ]   f1             train=0.8501  val=0.5723
2026-06-10 18:26:06 [INFO ]   accuracy       train=0.9761  val=0.9166
2026-06-10 18:26:06 [INFO ]   precision      val=0.6259
2026-06-10 18:26:06 [INFO ]   recall         val=0.5367
2026-06-10 18:26:07 [INFO ] [Epoch 013] Checkpoint guardado
2026-06-10 18:26:07 [INFO ]   ETA: 0h 07m  (194s/epoch, best_f1=0.5723)  (threshold óptimo=0.35, F1=0.5768)
2026-06-10 18:26:07 [INFO ] 
── Epoch 014/015 ────────────────────────────
2026-06-10 18:29:21 [INFO ] [energy] Trainer.train_epoch: 11945.6 J  (3.31822 Wh)  potencia media 64.5 W
2026-06-10 18:29:21 [INFO ] [timed] Trainer.train_epoch: 193.94s
2026-06-10 18:29:43 [INFO ] [energy] Trainer.eval_epoch: 1328.3 J  (0.36896 Wh)  potencia media 63.9 W
2026-06-10 18:29:43 [INFO ] [timed] Trainer.eval_epoch: 21.82s
2026-06-10 18:29:43 [INFO ]   loss           train=0.0615  val=0.2330
2026-06-10 18:29:43 [INFO ]   f1             train=0.8637  val=0.5646
2026-06-10 18:29:43 [INFO ]   accuracy       train=0.9783  val=0.9162
2026-06-10 18:29:43 [INFO ]   precision      val=0.6369
2026-06-10 18:29:43 [INFO ]   recall         val=0.5269
2026-06-10 18:29:43 [INFO ]   ETA: 0h 03m  (194s/epoch, best_f1=0.5723)  (threshold óptimo=0.30, F1=0.5803)
2026-06-10 18:29:43 [INFO ] 
── Epoch 015/015 ────────────────────────────
2026-06-10 18:32:57 [INFO ] [energy] Trainer.train_epoch: 11953.7 J  (3.32049 Wh)  potencia media 64.6 W
2026-06-10 18:32:57 [INFO ] [timed] Trainer.train_epoch: 193.93s
2026-06-10 18:33:19 [INFO ] [energy] Trainer.eval_epoch: 1336.3 J  (0.37118 Wh)  potencia media 63.9 W
2026-06-10 18:33:19 [INFO ] [timed] Trainer.eval_epoch: 21.95s
2026-06-10 18:33:19 [INFO ]   loss           train=0.0585  val=0.2367
2026-06-10 18:33:19 [INFO ]   f1             train=0.8642  val=0.5647
2026-06-10 18:33:19 [INFO ]   accuracy       train=0.9797  val=0.9152
2026-06-10 18:33:19 [INFO ]   precision      val=0.6332
2026-06-10 18:33:19 [INFO ]   recall         val=0.5282
2026-06-10 18:33:19 [INFO ]   ETA: 0h 00m  (194s/epoch, best_f1=0.5723)  (threshold óptimo=0.40, F1=0.5755)
2026-06-10 18:33:19 [INFO ] Entrenamiento completado — mejor Val F1: 0.5723
