2026-06-24 20:24:35 [INFO ] Configuración: modelo=vit_base_patch16_224 | batch=96/GPU (global=96) | epochs=15 | lr=0.0001 | precision=amp | loss=bce | train=5000 | val=1500
2026-06-24 20:24:35 [INFO ] Iniciando entrenamiento — 15 epochs
2026-06-24 20:24:35 [INFO ] 
── Epoch 001/015 ────────────────────────────
2026-06-24 20:25:19 [INFO ] [energy] Trainer.train_epoch: 2655.1 J  (0.73752 Wh)  potencia media 63.2 W
2026-06-24 20:25:19 [INFO ] [timed] Trainer.train_epoch: 44.58s
2026-06-24 20:25:26 [INFO ] [energy] Trainer.eval_epoch: 375.5 J  (0.10431 Wh)  potencia media 56.0 W
2026-06-24 20:25:26 [INFO ] [timed] Trainer.eval_epoch: 7.09s
2026-06-24 20:25:26 [INFO ]   loss           train=0.3611  val=0.2853
2026-06-24 20:25:26 [INFO ]   f1             train=0.1451  val=0.1799
2026-06-24 20:25:26 [INFO ]   accuracy       train=0.8433  val=0.8784
2026-06-24 20:25:26 [INFO ]   precision      val=0.4037
2026-06-24 20:25:26 [INFO ]   recall         val=0.1406
2026-06-24 20:25:28 [INFO ] [Epoch 001] Checkpoint guardado
2026-06-24 20:25:28 [INFO ]   ETA: 0h 12m  (45s/epoch, best_f1=0.1799)  (threshold óptimo=0.25, F1=0.3214)
2026-06-24 20:25:28 [INFO ] 
── Epoch 002/015 ────────────────────────────
2026-06-24 20:26:18 [INFO ] [energy] Trainer.train_epoch: 3007.5 J  (0.83543 Wh)  potencia media 63.9 W
2026-06-24 20:26:18 [INFO ] [timed] Trainer.train_epoch: 49.91s
2026-06-24 20:26:25 [INFO ] [energy] Trainer.eval_epoch: 397.6 J  (0.11046 Wh)  potencia media 55.2 W
2026-06-24 20:26:25 [INFO ] [timed] Trainer.eval_epoch: 7.64s
2026-06-24 20:26:25 [INFO ]   loss           train=0.2529  val=0.2504
2026-06-24 20:26:25 [INFO ]   f1             train=0.2816  val=0.3278
2026-06-24 20:26:25 [INFO ]   accuracy       train=0.8906  val=0.8919
2026-06-24 20:26:25 [INFO ]   precision      val=0.4241
2026-06-24 20:26:25 [INFO ]   recall         val=0.2988
2026-06-24 20:26:26 [INFO ] [Epoch 002] Checkpoint guardado
2026-06-24 20:26:26 [INFO ]   ETA: 0h 11m  (50s/epoch, best_f1=0.3278)  (threshold óptimo=0.20, F1=0.4100)
2026-06-24 20:26:26 [INFO ] 
── Epoch 003/015 ────────────────────────────
2026-06-24 20:27:16 [INFO ] [energy] Trainer.train_epoch: 2960.6 J  (0.82240 Wh)  potencia media 63.9 W
2026-06-24 20:27:16 [INFO ] [timed] Trainer.train_epoch: 49.10s
2026-06-24 20:27:23 [INFO ] [energy] Trainer.eval_epoch: 381.1 J  (0.10587 Wh)  potencia media 56.9 W
2026-06-24 20:27:23 [INFO ] [timed] Trainer.eval_epoch: 7.10s
2026-06-24 20:27:23 [INFO ]   loss           train=0.2231  val=0.2344
2026-06-24 20:27:23 [INFO ]   f1             train=0.3720  val=0.4106
2026-06-24 20:27:23 [INFO ]   accuracy       train=0.9039  val=0.8985
2026-06-24 20:27:23 [INFO ]   precision      val=0.4806
2026-06-24 20:27:23 [INFO ]   recall         val=0.3813
2026-06-24 20:27:24 [INFO ] [Epoch 003] Checkpoint guardado
2026-06-24 20:27:24 [INFO ]   ETA: 0h 11m  (49s/epoch, best_f1=0.4106)  (threshold óptimo=0.15, F1=0.4395)
2026-06-24 20:27:24 [INFO ] 
── Epoch 004/015 ────────────────────────────
2026-06-24 20:28:14 [INFO ] [energy] Trainer.train_epoch: 3050.4 J  (0.84732 Wh)  potencia media 63.8 W
2026-06-24 20:28:14 [INFO ] [timed] Trainer.train_epoch: 50.64s
2026-06-24 20:28:22 [INFO ] [energy] Trainer.eval_epoch: 366.9 J  (0.10191 Wh)  potencia media 54.8 W
2026-06-24 20:28:22 [INFO ] [timed] Trainer.eval_epoch: 7.13s
2026-06-24 20:28:22 [INFO ]   loss           train=0.2025  val=0.2450
2026-06-24 20:28:22 [INFO ]   f1             train=0.4365  val=0.4115
2026-06-24 20:28:22 [INFO ]   accuracy       train=0.9140  val=0.8928
2026-06-24 20:28:22 [INFO ]   precision      val=0.5692
2026-06-24 20:28:22 [INFO ]   recall         val=0.3677
2026-06-24 20:28:23 [INFO ] [Epoch 004] Checkpoint guardado
2026-06-24 20:28:23 [INFO ]   ETA: 0h 10m  (51s/epoch, best_f1=0.4115)  (threshold óptimo=0.25, F1=0.4721)
2026-06-24 20:28:23 [INFO ] 
── Epoch 005/015 ────────────────────────────
2026-06-24 20:29:13 [INFO ] [energy] Trainer.train_epoch: 3024.0 J  (0.84000 Wh)  potencia media 63.9 W
2026-06-24 20:29:13 [INFO ] [timed] Trainer.train_epoch: 50.11s
2026-06-24 20:29:20 [INFO ] [energy] Trainer.eval_epoch: 376.7 J  (0.10464 Wh)  potencia media 54.6 W
2026-06-24 20:29:20 [INFO ] [timed] Trainer.eval_epoch: 7.30s
2026-06-24 20:29:20 [INFO ]   loss           train=0.1846  val=0.2121
2026-06-24 20:29:20 [INFO ]   f1             train=0.5013  val=0.4504
2026-06-24 20:29:20 [INFO ]   accuracy       train=0.9213  val=0.9087
2026-06-24 20:29:20 [INFO ]   precision      val=0.6212
2026-06-24 20:29:20 [INFO ]   recall         val=0.3948
2026-06-24 20:29:21 [INFO ] [Epoch 005] Checkpoint guardado
2026-06-24 20:29:21 [INFO ]   ETA: 0h 09m  (50s/epoch, best_f1=0.4504)  (threshold óptimo=0.15, F1=0.5324)
2026-06-24 20:29:21 [INFO ] 
── Epoch 006/015 ────────────────────────────
2026-06-24 20:30:11 [INFO ] [energy] Trainer.train_epoch: 3017.0 J  (0.83806 Wh)  potencia media 63.9 W
2026-06-24 20:30:11 [INFO ] [timed] Trainer.train_epoch: 50.06s
2026-06-24 20:30:18 [INFO ] [energy] Trainer.eval_epoch: 385.5 J  (0.10707 Wh)  potencia media 56.7 W
2026-06-24 20:30:18 [INFO ] [timed] Trainer.eval_epoch: 7.25s
2026-06-24 20:30:18 [INFO ]   loss           train=0.1677  val=0.2044
2026-06-24 20:30:18 [INFO ]   f1             train=0.5644  val=0.4900
2026-06-24 20:30:18 [INFO ]   accuracy       train=0.9294  val=0.9124
2026-06-24 20:30:18 [INFO ]   precision      val=0.6092
2026-06-24 20:30:18 [INFO ]   recall         val=0.4327
2026-06-24 20:30:20 [INFO ] [Epoch 006] Checkpoint guardado
2026-06-24 20:30:20 [INFO ]   ETA: 0h 08m  (50s/epoch, best_f1=0.4900)  (threshold óptimo=0.25, F1=0.5606)
2026-06-24 20:30:20 [INFO ] 
── Epoch 007/015 ────────────────────────────
2026-06-24 20:31:10 [INFO ] [energy] Trainer.train_epoch: 3030.7 J  (0.84187 Wh)  potencia media 63.8 W
2026-06-24 20:31:10 [INFO ] [timed] Trainer.train_epoch: 50.33s
2026-06-24 20:31:17 [INFO ] [energy] Trainer.eval_epoch: 387.8 J  (0.10772 Wh)  potencia media 57.0 W
2026-06-24 20:31:17 [INFO ] [timed] Trainer.eval_epoch: 7.22s
2026-06-24 20:31:17 [INFO ]   loss           train=0.1527  val=0.2113
2026-06-24 20:31:17 [INFO ]   f1             train=0.6304  val=0.5117
2026-06-24 20:31:17 [INFO ]   accuracy       train=0.9362  val=0.9131
2026-06-24 20:31:17 [INFO ]   precision      val=0.6466
2026-06-24 20:31:17 [INFO ]   recall         val=0.4615
2026-06-24 20:31:18 [INFO ] [Epoch 007] Checkpoint guardado
2026-06-24 20:31:18 [INFO ]   ETA: 0h 07m  (50s/epoch, best_f1=0.5117)  (threshold óptimo=0.15, F1=0.5521)
2026-06-24 20:31:18 [INFO ] 
── Epoch 008/015 ────────────────────────────
2026-06-24 20:32:08 [INFO ] [energy] Trainer.train_epoch: 3029.1 J  (0.84141 Wh)  potencia media 64.0 W
2026-06-24 20:32:08 [INFO ] [timed] Trainer.train_epoch: 50.14s
2026-06-24 20:32:16 [INFO ] [energy] Trainer.eval_epoch: 401.1 J  (0.11142 Wh)  potencia media 54.9 W
2026-06-24 20:32:16 [INFO ] [timed] Trainer.eval_epoch: 7.79s
2026-06-24 20:32:16 [INFO ]   loss           train=0.1351  val=0.2194
2026-06-24 20:32:16 [INFO ]   f1             train=0.6868  val=0.5160
2026-06-24 20:32:16 [INFO ]   accuracy       train=0.9441  val=0.9103
2026-06-24 20:32:16 [INFO ]   precision      val=0.6293
2026-06-24 20:32:16 [INFO ]   recall         val=0.4777
2026-06-24 20:32:17 [INFO ] [Epoch 008] Checkpoint guardado
2026-06-24 20:32:17 [INFO ]   ETA: 0h 06m  (50s/epoch, best_f1=0.5160)  (threshold óptimo=0.25, F1=0.5537)
2026-06-24 20:32:17 [INFO ] 
── Epoch 009/015 ────────────────────────────
2026-06-24 20:33:08 [INFO ] [energy] Trainer.train_epoch: 3022.9 J  (0.83968 Wh)  potencia media 63.6 W
2026-06-24 20:33:08 [INFO ] [timed] Trainer.train_epoch: 50.42s
2026-06-24 20:33:15 [INFO ] [energy] Trainer.eval_epoch: 403.0 J  (0.11195 Wh)  potencia media 56.8 W
2026-06-24 20:33:15 [INFO ] [timed] Trainer.eval_epoch: 7.52s
2026-06-24 20:33:15 [INFO ]   loss           train=0.1223  val=0.2162
2026-06-24 20:33:15 [INFO ]   f1             train=0.7308  val=0.5486
2026-06-24 20:33:15 [INFO ]   accuracy       train=0.9507  val=0.9129
2026-06-24 20:33:15 [INFO ]   precision      val=0.6361
2026-06-24 20:33:15 [INFO ]   recall         val=0.5062
2026-06-24 20:33:16 [INFO ] [Epoch 009] Checkpoint guardado
2026-06-24 20:33:16 [INFO ]   ETA: 0h 05m  (50s/epoch, best_f1=0.5486)  (threshold óptimo=0.35, F1=0.5647)
2026-06-24 20:33:16 [INFO ] 
── Epoch 010/015 ────────────────────────────
2026-06-24 20:34:07 [INFO ] [energy] Trainer.train_epoch: 3019.0 J  (0.83861 Wh)  potencia media 63.8 W
2026-06-24 20:34:07 [INFO ] [timed] Trainer.train_epoch: 50.16s
2026-06-24 20:34:14 [INFO ] [energy] Trainer.eval_epoch: 369.5 J  (0.10263 Wh)  potencia media 55.1 W
2026-06-24 20:34:14 [INFO ] [timed] Trainer.eval_epoch: 7.10s
2026-06-24 20:34:14 [INFO ]   loss           train=0.1070  val=0.2193
2026-06-24 20:34:14 [INFO ]   f1             train=0.7746  val=0.5362
2026-06-24 20:34:14 [INFO ]   accuracy       train=0.9576  val=0.9139
2026-06-24 20:34:14 [INFO ]   precision      val=0.6302
2026-06-24 20:34:14 [INFO ]   recall         val=0.4874
2026-06-24 20:34:14 [INFO ]   ETA: 0h 04m  (50s/epoch, best_f1=0.5486)  (threshold óptimo=0.25, F1=0.5723)
2026-06-24 20:34:14 [INFO ] 
── Epoch 011/015 ────────────────────────────
2026-06-24 20:35:04 [INFO ] [energy] Trainer.train_epoch: 3024.8 J  (0.84022 Wh)  potencia media 64.1 W
2026-06-24 20:35:04 [INFO ] [timed] Trainer.train_epoch: 49.96s
2026-06-24 20:35:11 [INFO ] [energy] Trainer.eval_epoch: 374.0 J  (0.10389 Wh)  potencia media 56.7 W
2026-06-24 20:35:11 [INFO ] [timed] Trainer.eval_epoch: 7.00s
2026-06-24 20:35:11 [INFO ]   loss           train=0.0932  val=0.2291
2026-06-24 20:35:11 [INFO ]   f1             train=0.7929  val=0.5414
2026-06-24 20:35:11 [INFO ]   accuracy       train=0.9636  val=0.9125
2026-06-24 20:35:11 [INFO ]   precision      val=0.6293
2026-06-24 20:35:11 [INFO ]   recall         val=0.4986
2026-06-24 20:35:11 [INFO ]   ETA: 0h 03m  (50s/epoch, best_f1=0.5486)  (threshold óptimo=0.25, F1=0.5611)
2026-06-24 20:35:11 [INFO ] 
── Epoch 012/015 ────────────────────────────
2026-06-24 20:36:01 [INFO ] [energy] Trainer.train_epoch: 3039.7 J  (0.84436 Wh)  potencia media 64.4 W
2026-06-24 20:36:01 [INFO ] [timed] Trainer.train_epoch: 50.07s
2026-06-24 20:36:08 [INFO ] [energy] Trainer.eval_epoch: 376.2 J  (0.10451 Wh)  potencia media 57.9 W
2026-06-24 20:36:08 [INFO ] [timed] Trainer.eval_epoch: 6.95s
2026-06-24 20:36:08 [INFO ]   loss           train=0.0822  val=0.2313
2026-06-24 20:36:08 [INFO ]   f1             train=0.8171  val=0.5369
2026-06-24 20:36:08 [INFO ]   accuracy       train=0.9691  val=0.9139
2026-06-24 20:36:08 [INFO ]   precision      val=0.6386
2026-06-24 20:36:08 [INFO ]   recall         val=0.4877
2026-06-24 20:36:08 [INFO ]   ETA: 0h 02m  (50s/epoch, best_f1=0.5486)  (threshold óptimo=0.25, F1=0.5604)
2026-06-24 20:36:08 [INFO ] 
── Epoch 013/015 ────────────────────────────
2026-06-24 20:36:58 [INFO ] [energy] Trainer.train_epoch: 3025.7 J  (0.84048 Wh)  potencia media 64.2 W
2026-06-24 20:36:58 [INFO ] [timed] Trainer.train_epoch: 49.92s
2026-06-24 20:37:05 [INFO ] [energy] Trainer.eval_epoch: 381.0 J  (0.10583 Wh)  potencia media 57.7 W
2026-06-24 20:37:05 [INFO ] [timed] Trainer.eval_epoch: 7.02s
2026-06-24 20:37:05 [INFO ]   loss           train=0.0725  val=0.2340
2026-06-24 20:37:05 [INFO ]   f1             train=0.8373  val=0.5480
2026-06-24 20:37:05 [INFO ]   accuracy       train=0.9727  val=0.9134
2026-06-24 20:37:05 [INFO ]   precision      val=0.6081
2026-06-24 20:37:05 [INFO ]   recall         val=0.5131
2026-06-24 20:37:05 [INFO ]   ETA: 0h 01m  (50s/epoch, best_f1=0.5486)  (threshold óptimo=0.30, F1=0.5736)
2026-06-24 20:37:05 [INFO ] 
── Epoch 014/015 ────────────────────────────
2026-06-24 20:37:54 [INFO ] [energy] Trainer.train_epoch: 3003.3 J  (0.83425 Wh)  potencia media 63.8 W
2026-06-24 20:37:55 [INFO ] [timed] Trainer.train_epoch: 49.95s
2026-06-24 20:38:02 [INFO ] [energy] Trainer.eval_epoch: 378.3 J  (0.10508 Wh)  potencia media 55.6 W
2026-06-24 20:38:02 [INFO ] [timed] Trainer.eval_epoch: 7.20s
2026-06-24 20:38:02 [INFO ]   loss           train=0.0664  val=0.2363
2026-06-24 20:38:02 [INFO ]   f1             train=0.8495  val=0.5362
2026-06-24 20:38:02 [INFO ]   accuracy       train=0.9758  val=0.9142
2026-06-24 20:38:02 [INFO ]   precision      val=0.6342
2026-06-24 20:38:02 [INFO ]   recall         val=0.4892
2026-06-24 20:38:02 [INFO ]   ETA: 0h 00m  (50s/epoch, best_f1=0.5486)  (threshold óptimo=0.20, F1=0.5618)
2026-06-24 20:38:02 [INFO ] 
── Epoch 015/015 ────────────────────────────
2026-06-24 20:38:52 [INFO ] [energy] Trainer.train_epoch: 3047.4 J  (0.84650 Wh)  potencia media 64.3 W
2026-06-24 20:38:52 [INFO ] [timed] Trainer.train_epoch: 50.11s
2026-06-24 20:38:59 [INFO ] [energy] Trainer.eval_epoch: 365.8 J  (0.10161 Wh)  potencia media 55.4 W
2026-06-24 20:38:59 [INFO ] [timed] Trainer.eval_epoch: 7.02s
2026-06-24 20:38:59 [INFO ]   loss           train=0.0631  val=0.2359
2026-06-24 20:38:59 [INFO ]   f1             train=0.8561  val=0.5472
2026-06-24 20:38:59 [INFO ]   accuracy       train=0.9778  val=0.9146
2026-06-24 20:38:59 [INFO ]   precision      val=0.6393
2026-06-24 20:38:59 [INFO ]   recall         val=0.5020
2026-06-24 20:38:59 [INFO ]   ETA: 0h 00m  (50s/epoch, best_f1=0.5486)  (threshold óptimo=0.25, F1=0.5707)
2026-06-24 20:38:59 [INFO ] Entrenamiento completado — mejor Val F1: 0.5486
