════════════════════════════════════════════════════════════════════════
  ANÁLISIS DE VIABILIDAD — BigEarthNet ViT
  27/05/2026 22:17:24
════════════════════════════════════════════════════════════════════════

────────────────────────────────────────────────────────────────────────
  MODELO
────────────────────────────────────────────────────────────────────────
  Nombre:               vit_small_patch16_224
  Parámetros totales:   21,672,979 (21.7M)
  Parámetros train.:    21,672,979 (21.7M)
  FLOPs/imagen:         79.2 MFLOPs
  Memoria pesos:        87 MB
  Gradientes:           87 MB
  Estado AdamW:         173 MB
  Total estático:       0.34 GB  (sin activaciones)

────────────────────────────────────────────────────────────────────────
  HARDWARE
────────────────────────────────────────────────────────────────────────
  GPU:                  NVIDIA GeForce RTX 3060 Ti
  VRAM total:           8.20 GB
  VRAM libre:           6.93 GB

────────────────────────────────────────────────────────────────────────
  MEMORIA POR BATCH SIZE
────────────────────────────────────────────────────────────────────────
  Estática (pesos+grad+AdamW): 0.34 GB
  Activaciones por imagen:     81.1 MB

  Batch    Estática   Activac.   Total est.    Estado
  ─────  ──────────  ─────────  ───────────  ────────
     16      0.34 GB     1.27 GB       1.61 GB      ✓ OK
     32      0.34 GB     2.53 GB       2.87 GB      ✓ OK

────────────────────────────────────────────────────────────────────────
  BENCHMARK  (8 batches sintéticos — sin I/O real)
────────────────────────────────────────────────────────────────────────
  Batch  Modo      s/batch(train)  imgs/s(train)  s/batch(eval)     VRAM
  ─────  ────────  ──────────────  ─────────────  ─────────────  ───────
     16  off              0.081s        198.0        0.025s   1.26 GB
     16  simple           0.079s        201.6        0.024s   1.26 GB  (+0% vs off)
     32  off              0.143s        223.4        0.045s   2.24 GB
     32  simple           0.143s        223.2        0.046s   2.24 GB  (+0% vs off)

────────────────────────────────────────────────────────────────────────
  ESTIMACIONES  (train=237,871 | val=122,342)
────────────────────────────────────────────────────────────────────────

  5 epochs:
  Batch  Modo      Train/epoch  Eval/epoch  Total/epoch       TOTAL
  ─────  ────────  ───────────  ──────────  ───────────  ──────────
     16  off            0h 20m      0h 03m       0h 23m      1h 56m
     16  simple         0h 19m      0h 03m       0h 22m      1h 53m
     32  off            0h 17m      0h 02m       0h 20m      1h 43m
     32  simple         0h 17m      0h 02m       0h 20m      1h 43m

────────────────────────────────────────────────────────────────────────
  RECOMENDACIONES
────────────────────────────────────────────────────────────────────────
  ✓ Batch size óptimo:  32 (223.4 imgs/s en train)
  → --trace off      para 5 epochs:  ~1h 43m  (train 0h 17m/epoch + eval 0h 02m/epoch)
  → --trace simple   para 5 epochs:  ~1h 43m  (train 0h 17m/epoch + eval 0h 02m/epoch)

  💡 En Verode (NFS), usa --nfs-factor 1.3 para estimaciones más precisas

