════════════════════════════════════════════════════════════════════════
  ANÁLISIS DE VIABILIDAD — BigEarthNet ViT
  27/05/2026 22:17:17
════════════════════════════════════════════════════════════════════════

────────────────────────────────────────────────────────────────────────
  MODELO
────────────────────────────────────────────────────────────────────────
  Nombre:               vit_tiny_patch16_224
  Parámetros totales:   5,528,083 (5.5M)
  Parámetros train.:    5,528,083 (5.5M)
  FLOPs/imagen:         34.3 MFLOPs
  Memoria pesos:        22 MB
  Gradientes:           22 MB
  Estado AdamW:         44 MB
  Total estático:       0.09 GB  (sin activaciones)

────────────────────────────────────────────────────────────────────────
  HARDWARE
────────────────────────────────────────────────────────────────────────
  GPU:                  NVIDIA GeForce RTX 3060 Ti
  VRAM total:           8.20 GB
  VRAM libre:           8.20 GB

────────────────────────────────────────────────────────────────────────
  MEMORIA POR BATCH SIZE
────────────────────────────────────────────────────────────────────────
  Estática (pesos+grad+AdamW): 0.09 GB
  Activaciones por imagen:     40.5 MB

  Batch    Estática   Activac.   Total est.    Estado
  ─────  ──────────  ─────────  ───────────  ────────
     16      0.09 GB     0.63 GB       0.72 GB      ✓ OK
     32      0.09 GB     1.27 GB       1.35 GB      ✓ OK

────────────────────────────────────────────────────────────────────────
  BENCHMARK  (8 batches sintéticos — sin I/O real)
────────────────────────────────────────────────────────────────────────
  Batch  Modo      s/batch(train)  imgs/s(train)  s/batch(eval)     VRAM
  ─────  ────────  ──────────────  ─────────────  ─────────────  ───────
     16  off              0.031s        512.2        0.010s   0.58 GB
     16  simple           0.031s        513.0        0.010s   0.58 GB  (+0% vs off)
     32  off              0.057s        560.4        0.018s   1.07 GB
     32  simple           0.057s        560.3        0.018s   1.07 GB  (+0% vs off)

────────────────────────────────────────────────────────────────────────
  ESTIMACIONES  (train=237,871 | val=122,342)
────────────────────────────────────────────────────────────────────────

  5 epochs:
  Batch  Modo      Train/epoch  Eval/epoch  Total/epoch       TOTAL
  ─────  ────────  ───────────  ──────────  ───────────  ──────────
     16  off            0h 07m      0h 01m       0h 09m      0h 45m
     16  simple         0h 07m      0h 01m       0h 08m      0h 44m
     32  off            0h 07m      0h 01m       0h 08m      0h 41m
     32  simple         0h 07m      0h 01m       0h 08m      0h 41m

────────────────────────────────────────────────────────────────────────
  RECOMENDACIONES
────────────────────────────────────────────────────────────────────────
  ✓ Batch size óptimo:  32 (560.4 imgs/s en train)
  → --trace off      para 5 epochs:  ~0h 41m  (train 0h 07m/epoch + eval 0h 01m/epoch)
  → --trace simple   para 5 epochs:  ~0h 41m  (train 0h 07m/epoch + eval 0h 01m/epoch)

  💡 En Verode (NFS), usa --nfs-factor 1.3 para estimaciones más precisas

