════════════════════════════════════════════════════════════════════════
  ANÁLISIS DE VIABILIDAD — BigEarthNet ViT  (v3)
  18/06/2026 17:18:04
════════════════════════════════════════════════════════════════════════

────────────────────────────────────────────────────────────────────────  MODELO
  Nombre:               vit_base_patch16_224
  Parámetros totales:   85,813,267 (85.8M)
  FLOPs/imagen:         200.8 MFLOPs
  Memoria estática:     1.34 GB

────────────────────────────────────────────────────────────────────────  GPU
  NVIDIA GeForce RTX 3060 Ti  |  VRAM: 8.2 GB total / 8.2 GB libre
  Compute Capability: 8.6  (Ampere)
  38 SMs  |  4,864 CUDA cores  |  152 Tensor cores
  Precisión del benchmark: fp32 (CUDA cores)

────────────────────────────────────────────────────────────────────────  CPU / SISTEMA
  Núcleos: 16 lógicos / 8 físicos
  Frecuencia: 4535 MHz
  RAM: 16.6 GB total / 6.0 GB libre

────────────────────────────────────────────────────────────────────────  DISCO / DATASET I/O
  Tipo: SSD  |  NFS: no
  Velocidad lectura: 24 MB/s  |  1909 patches/s
  Patches encontrados: ~403,880
  ✓ Compute-bound (ratio=0.11) — GPU es el cuello de botella

────────────────────────────────────────────────────────────────────────  MEMORIA POR BATCH SIZE
  Batch   Total est.      Estado
     32       6.41 GB        ✓ OK

────────────────────────────────────────────────────────────────────────  BENCHMARK  (8 batches sintéticos)
  Batch  Modo      imgs/s(train)  imgs/s(eval)     VRAM
     32  off              71.3       217.0   4.94 GB

────────────────────────────────────────────────────────────────────────  ESTIMACIONES DE TIEMPO

  30 epochs:
  Batch  Modo      Train/ep  Eval/ep  Total/ep     TOTAL
     32  off         0h 55m   0h 09m    1h 04m   32h 29m

────────────────────────────────────────────────────────────────────────  ANÁLISIS DDP — DISTRIBUCIÓN DE RECURSOS
  GPUs  Batch/GPU  Global batch  Workers  Speedup   Efic.    Cuello
     1         32            32        8    1.00×  100.0%   compute
     2         32            64        8    1.83×   91.3%   compute
     4         32           128        4    3.65×   91.3%   compute
     8         32           256        2    7.30×   91.3%   compute

  Configuración recomendada: 1 GPU(s) con batch=32/GPU

────────────────────────────────────────────────────────────────────────  PREDICCIÓN DE RENDIMIENTO (empírica)
  Modelo: vit_base_patch16_224
  Val F1 esperado:    ~0.680  (epoch ≈ 7)
  Early stop aprox.:  epoch ≈ 17  (patience=10)
  Confianza:          high
  Nota: Empirical prior anchored to documented vit_base runs on BigEarthNet-S2; confidence high. | Dataset =

────────────────────────────────────────────────────────────────────────  RECOMENDACIONES
  ✓ Batch size óptimo: 32 (71.3 imgs/s)
  → --trace off      30 epochs: ~32h 29m  [DDP×2: ~19.1h]

  💡 En Verode (NFS), usa --nfs-factor 1.3 para estimaciones más precisas

