════════════════════════════════════════════════════════════════════════
  ANÁLISIS DE VIABILIDAD — BigEarthNet ViT
  27/05/2026 21:14:14
════════════════════════════════════════════════════════════════════════

────────────────────────────────────────────────────────────────────────
  MODELO
────────────────────────────────────────────────────────────────────────
  Nombre:               vit_tiny_patch16_224
  Parámetros totales:   5,528,083 (5.5M)
  Parámetros train.:    5,528,083 (5.5M)
  FLOPs/imagen:         34.3 MFLOPs
  Memoria pesos:        22 MB
  Gradientes:           22 MB
  Estado AdamW:         44 MB
  Total estático:       0.09 GB  (sin activaciones)

────────────────────────────────────────────────────────────────────────
  HARDWARE
────────────────────────────────────────────────────────────────────────
  GPU:                  NVIDIA GeForce RTX 3060 Ti
  VRAM total:           8.20 GB
  VRAM libre:           8.20 GB

────────────────────────────────────────────────────────────────────────
  MEMORIA POR BATCH SIZE
────────────────────────────────────────────────────────────────────────
  Estática (pesos+grad+AdamW): 0.09 GB
  Activaciones por imagen:     40.5 MB

  Batch    Estática   Activac.   Total est.    Estado
  ─────  ──────────  ─────────  ───────────  ────────
     16      0.09 GB     0.63 GB       0.72 GB      ✓ OK
     32      0.09 GB     1.27 GB       1.35 GB      ✓ OK
     64      0.09 GB     2.53 GB       2.62 GB      ✓ OK

────────────────────────────────────────────────────────────────────────
  BENCHMARK  (8 batches sintéticos — sin I/O real)
────────────────────────────────────────────────────────────────────────
  Batch  Modo      s/batch(train)  imgs/s(train)  s/batch(eval)     VRAM
  ─────  ────────  ──────────────  ─────────────  ─────────────  ───────
     16  off              0.033s        491.4        0.010s   0.58 GB
     16  simple           0.032s        504.7        0.010s   0.58 GB  (+0% vs off)
     32  off              0.058s        553.3        0.018s   1.07 GB
     32  simple           0.057s        559.3        0.019s   1.07 GB  (+0% vs off)
     64  off              0.110s        583.9        0.036s   2.06 GB
     64  simple           0.110s        582.4        0.036s   2.06 GB  (+0% vs off)

────────────────────────────────────────────────────────────────────────
  ESTIMACIONES  (train=237,871 | val=122,342)
────────────────────────────────────────────────────────────────────────

  5 epochs:
  Batch  Modo      Train/epoch  Eval/epoch  Total/epoch       TOTAL
  ─────  ────────  ───────────  ──────────  ───────────  ──────────
     16  off            0h 08m      0h 01m       0h 09m      0h 46m
     16  simple         0h 07m      0h 01m       0h 09m      0h 45m
     32  off            0h 07m      0h 01m       0h 08m      0h 41m
     32  simple         0h 07m      0h 01m       0h 08m      0h 41m
     64  off            0h 06m      0h 01m       0h 07m      0h 39m
     64  simple         0h 06m      0h 01m       0h 07m      0h 39m

────────────────────────────────────────────────────────────────────────
  RECOMENDACIONES
────────────────────────────────────────────────────────────────────────
  ✓ Batch size óptimo:  64 (583.9 imgs/s en train)
  → --trace off      para 5 epochs:  ~0h 39m  (train 0h 06m/epoch + eval 0h 01m/epoch)
  → --trace simple   para 5 epochs:  ~0h 39m  (train 0h 06m/epoch + eval 0h 01m/epoch)

  💡 En Verode (NFS), usa --nfs-factor 1.3 para estimaciones más precisas

