2026-06-24 22:08:10 [INFO ] Configuración: modelo=resnet50 | batch=48/GPU (global=96, 2 GPUs) | epochs=15 | lr=0.0001 | precision=fp32 | train=5000 | val=1500
2026-06-24 22:08:10 [INFO ] Iniciando entrenamiento — 15 epochs
2026-06-24 22:08:10 [INFO ] 
── Epoch 001/015 ────────────────────────────
2026-06-24 22:08:40 [INFO ] [energy] DDPTrainer.train_epoch: 2827.5 J  (0.78542 Wh)  potencia media 120.3 W
2026-06-24 22:08:40 [INFO ] [timed] DDPTrainer.train_epoch: 29.36s
2026-06-24 22:08:46 [INFO ] [energy] DDPTrainer.eval_epoch: 506.9 J  (0.14081 Wh)  potencia media 97.5 W
2026-06-24 22:08:46 [INFO ] [timed] DDPTrainer.eval_epoch: 5.92s
2026-06-24 22:08:46 [INFO ]   loss           train=0.6874  val=0.6747
2026-06-24 22:08:46 [INFO ]   f1             train=0.1746  val=0.1589
2026-06-24 22:08:46 [INFO ]   accuracy       train=0.5343  val=0.6709
2026-06-24 22:08:46 [INFO ]   precision      val=0.1846
2026-06-24 22:08:46 [INFO ]   recall         val=0.2800
2026-06-24 22:08:46 [INFO ] [Epoch 001] Checkpoint guardado
2026-06-24 22:08:46 [INFO ]   ETA: 0h 08m  (29s/epoch, best_f1=0.1589)  (threshold óptimo=0.45, F1=0.2361)
2026-06-24 22:08:46 [INFO ] 
── Epoch 002/015 ────────────────────────────
2026-06-24 22:09:16 [INFO ] [energy] DDPTrainer.train_epoch: 2924.9 J  (0.81248 Wh)  potencia media 126.1 W
2026-06-24 22:09:16 [INFO ] [timed] DDPTrainer.train_epoch: 29.52s
2026-06-24 22:09:22 [INFO ] [energy] DDPTrainer.eval_epoch: 513.1 J  (0.14252 Wh)  potencia media 100.6 W
2026-06-24 22:09:22 [INFO ] [timed] DDPTrainer.eval_epoch: 5.94s
2026-06-24 22:09:22 [INFO ]   loss           train=0.5984  val=0.5407
2026-06-24 22:09:22 [INFO ]   f1             train=0.0442  val=0.0040
2026-06-24 22:09:22 [INFO ]   accuracy       train=0.8292  val=0.8557
2026-06-24 22:09:22 [INFO ]   precision      val=0.0454
2026-06-24 22:09:22 [INFO ]   recall         val=0.0021
2026-06-24 22:09:22 [INFO ]   ETA: 0h 07m  (29s/epoch, best_f1=0.1589)  (threshold óptimo=0.35, F1=0.2382)
2026-06-24 22:09:22 [INFO ] 
── Epoch 003/015 ────────────────────────────
2026-06-24 22:09:53 [INFO ] [energy] DDPTrainer.train_epoch: 3108.1 J  (0.86336 Wh)  potencia media 124.8 W
2026-06-24 22:09:53 [INFO ] [timed] DDPTrainer.train_epoch: 31.69s
2026-06-24 22:09:59 [INFO ] [energy] DDPTrainer.eval_epoch: 545.2 J  (0.15144 Wh)  potencia media 104.8 W
2026-06-24 22:09:59 [INFO ] [timed] DDPTrainer.eval_epoch: 6.06s
2026-06-24 22:09:59 [INFO ]   loss           train=0.4152  val=0.3501
2026-06-24 22:09:59 [INFO ]   f1             train=0.0203  val=0.0374
2026-06-24 22:09:59 [INFO ]   accuracy       train=0.8641  val=0.8635
2026-06-24 22:09:59 [INFO ]   precision      val=0.0352
2026-06-24 22:09:59 [INFO ]   recall         val=0.0400
2026-06-24 22:09:59 [INFO ]   ETA: 0h 07m  (32s/epoch, best_f1=0.1589)  (threshold óptimo=0.20, F1=0.2638)
2026-06-24 22:09:59 [INFO ] 
── Epoch 004/015 ────────────────────────────
2026-06-24 22:10:31 [INFO ] [energy] DDPTrainer.train_epoch: 3095.6 J  (0.85990 Wh)  potencia media 125.8 W
2026-06-24 22:10:31 [INFO ] [timed] DDPTrainer.train_epoch: 31.45s
2026-06-24 22:10:37 [INFO ] [energy] DDPTrainer.eval_epoch: 533.4 J  (0.14815 Wh)  potencia media 102.6 W
2026-06-24 22:10:37 [INFO ] [timed] DDPTrainer.eval_epoch: 6.14s
2026-06-24 22:10:37 [INFO ]   loss           train=0.2984  val=0.2924
2026-06-24 22:10:37 [INFO ]   f1             train=0.1278  val=0.1454
2026-06-24 22:10:37 [INFO ]   accuracy       train=0.8801  val=0.8793
2026-06-24 22:10:37 [INFO ]   precision      val=0.2861
2026-06-24 22:10:37 [INFO ]   recall         val=0.1253
2026-06-24 22:10:37 [INFO ]   ETA: 0h 06m  (31s/epoch, best_f1=0.1589)  (threshold óptimo=0.15, F1=0.3052)
2026-06-24 22:10:37 [INFO ] 
── Epoch 005/015 ────────────────────────────
2026-06-24 22:11:08 [INFO ] [energy] DDPTrainer.train_epoch: 3077.4 J  (0.85483 Wh)  potencia media 126.6 W
2026-06-24 22:11:08 [INFO ] [timed] DDPTrainer.train_epoch: 30.77s
2026-06-24 22:11:14 [INFO ] [energy] DDPTrainer.eval_epoch: 549.1 J  (0.15254 Wh)  potencia media 105.6 W
2026-06-24 22:11:14 [INFO ] [timed] DDPTrainer.eval_epoch: 6.01s
2026-06-24 22:11:14 [INFO ]   loss           train=0.2621  val=0.2721
2026-06-24 22:11:14 [INFO ]   f1             train=0.1892  val=0.2063
2026-06-24 22:11:14 [INFO ]   accuracy       train=0.8916  val=0.8834
2026-06-24 22:11:14 [INFO ]   precision      val=0.3415
2026-06-24 22:11:14 [INFO ]   recall         val=0.1778
2026-06-24 22:11:14 [INFO ] [Epoch 005] Checkpoint guardado
2026-06-24 22:11:14 [INFO ]   ETA: 0h 06m  (31s/epoch, best_f1=0.2063)  (threshold óptimo=0.15, F1=0.3322)
2026-06-24 22:11:14 [INFO ] 
── Epoch 006/015 ────────────────────────────
2026-06-24 22:11:46 [INFO ] [energy] DDPTrainer.train_epoch: 3116.5 J  (0.86570 Wh)  potencia media 124.2 W
2026-06-24 22:11:46 [INFO ] [timed] DDPTrainer.train_epoch: 31.84s
2026-06-24 22:11:52 [INFO ] [energy] DDPTrainer.eval_epoch: 520.0 J  (0.14443 Wh)  potencia media 102.0 W
2026-06-24 22:11:52 [INFO ] [timed] DDPTrainer.eval_epoch: 5.93s
2026-06-24 22:11:52 [INFO ]   loss           train=0.2426  val=0.2629
2026-06-24 22:11:52 [INFO ]   f1             train=0.2412  val=0.2534
2026-06-24 22:11:52 [INFO ]   accuracy       train=0.8973  val=0.8904
2026-06-24 22:11:52 [INFO ]   precision      val=0.3530
2026-06-24 22:11:52 [INFO ]   recall         val=0.2061
2026-06-24 22:11:52 [INFO ] [Epoch 006] Checkpoint guardado
2026-06-24 22:11:52 [INFO ]   ETA: 0h 05m  (32s/epoch, best_f1=0.2534)  (threshold óptimo=0.20, F1=0.3603)
2026-06-24 22:11:52 [INFO ] 
── Epoch 007/015 ────────────────────────────
2026-06-24 22:12:24 [INFO ] [energy] DDPTrainer.train_epoch: 3111.9 J  (0.86442 Wh)  potencia media 126.5 W
2026-06-24 22:12:24 [INFO ] [timed] DDPTrainer.train_epoch: 31.18s
2026-06-24 22:12:29 [INFO ] [energy] DDPTrainer.eval_epoch: 526.3 J  (0.14619 Wh)  potencia media 103.2 W
2026-06-24 22:12:29 [INFO ] [timed] DDPTrainer.eval_epoch: 5.97s
2026-06-24 22:12:29 [INFO ]   loss           train=0.2377  val=0.2417
2026-06-24 22:12:29 [INFO ]   f1             train=0.2826  val=0.2938
2026-06-24 22:12:29 [INFO ]   accuracy       train=0.9007  val=0.8974
2026-06-24 22:12:29 [INFO ]   precision      val=0.4385
2026-06-24 22:12:29 [INFO ]   recall         val=0.2413
2026-06-24 22:12:30 [INFO ] [Epoch 007] Checkpoint guardado
2026-06-24 22:12:30 [INFO ]   ETA: 0h 04m  (31s/epoch, best_f1=0.2938)  (threshold óptimo=0.20, F1=0.3818)
2026-06-24 22:12:30 [INFO ] 
── Epoch 008/015 ────────────────────────────
2026-06-24 22:13:01 [INFO ] [energy] DDPTrainer.train_epoch: 3184.3 J  (0.88453 Wh)  potencia media 125.9 W
2026-06-24 22:13:01 [INFO ] [timed] DDPTrainer.train_epoch: 31.60s
2026-06-24 22:13:08 [INFO ] [energy] DDPTrainer.eval_epoch: 559.0 J  (0.15528 Wh)  potencia media 105.5 W
2026-06-24 22:13:08 [INFO ] [timed] DDPTrainer.eval_epoch: 6.18s
2026-06-24 22:13:08 [INFO ]   loss           train=0.2273  val=0.2370
2026-06-24 22:13:08 [INFO ]   f1             train=0.3074  val=0.3247
2026-06-24 22:13:08 [INFO ]   accuracy       train=0.9045  val=0.8995
2026-06-24 22:13:08 [INFO ]   precision      val=0.4386
2026-06-24 22:13:08 [INFO ]   recall         val=0.2709
2026-06-24 22:13:08 [INFO ] [Epoch 008] Checkpoint guardado
2026-06-24 22:13:08 [INFO ]   ETA: 0h 04m  (32s/epoch, best_f1=0.3247)  (threshold óptimo=0.20, F1=0.3965)
2026-06-24 22:13:08 [INFO ] 
── Epoch 009/015 ────────────────────────────
2026-06-24 22:13:39 [INFO ] [energy] DDPTrainer.train_epoch: 3129.2 J  (0.86921 Wh)  potencia media 126.7 W
2026-06-24 22:13:39 [INFO ] [timed] DDPTrainer.train_epoch: 31.14s
2026-06-24 22:13:45 [INFO ] [energy] DDPTrainer.eval_epoch: 525.5 J  (0.14596 Wh)  potencia media 101.0 W
2026-06-24 22:13:45 [INFO ] [timed] DDPTrainer.eval_epoch: 5.98s
2026-06-24 22:13:45 [INFO ]   loss           train=0.2219  val=0.2417
2026-06-24 22:13:45 [INFO ]   f1             train=0.3282  val=0.3235
2026-06-24 22:13:45 [INFO ]   accuracy       train=0.9074  val=0.8966
2026-06-24 22:13:45 [INFO ]   precision      val=0.4349
2026-06-24 22:13:45 [INFO ]   recall         val=0.2791
2026-06-24 22:13:45 [INFO ]   ETA: 0h 03m  (31s/epoch, best_f1=0.3247)  (threshold óptimo=0.20, F1=0.3976)
2026-06-24 22:13:45 [INFO ] 
── Epoch 010/015 ────────────────────────────
2026-06-24 22:14:17 [INFO ] [energy] DDPTrainer.train_epoch: 3174.5 J  (0.88181 Wh)  potencia media 126.0 W
2026-06-24 22:14:17 [INFO ] [timed] DDPTrainer.train_epoch: 31.64s
2026-06-24 22:14:23 [INFO ] [energy] DDPTrainer.eval_epoch: 512.2 J  (0.14228 Wh)  potencia media 104.5 W
2026-06-24 22:14:23 [INFO ] [timed] DDPTrainer.eval_epoch: 5.77s
2026-06-24 22:14:23 [INFO ]   loss           train=0.2195  val=0.2308
2026-06-24 22:14:23 [INFO ]   f1             train=0.3456  val=0.3484
2026-06-24 22:14:23 [INFO ]   accuracy       train=0.9083  val=0.9032
2026-06-24 22:14:23 [INFO ]   precision      val=0.4438
2026-06-24 22:14:23 [INFO ]   recall         val=0.2956
2026-06-24 22:14:23 [INFO ] [Epoch 010] Checkpoint guardado
2026-06-24 22:14:23 [INFO ]   ETA: 0h 03m  (32s/epoch, best_f1=0.3484)  (threshold óptimo=0.20, F1=0.4188)
2026-06-24 22:14:23 [INFO ] 
── Epoch 011/015 ────────────────────────────
2026-06-24 22:14:54 [INFO ] [energy] DDPTrainer.train_epoch: 3161.6 J  (0.87823 Wh)  potencia media 127.0 W
2026-06-24 22:14:54 [INFO ] [timed] DDPTrainer.train_epoch: 31.21s
2026-06-24 22:15:00 [INFO ] [energy] DDPTrainer.eval_epoch: 530.4 J  (0.14735 Wh)  potencia media 102.0 W
2026-06-24 22:15:00 [INFO ] [timed] DDPTrainer.eval_epoch: 6.05s
2026-06-24 22:15:00 [INFO ]   loss           train=0.2138  val=0.2294
2026-06-24 22:15:00 [INFO ]   f1             train=0.3543  val=0.3457
2026-06-24 22:15:00 [INFO ]   accuracy       train=0.9106  val=0.9025
2026-06-24 22:15:00 [INFO ]   precision      val=0.4412
2026-06-24 22:15:00 [INFO ]   recall         val=0.2918
2026-06-24 22:15:00 [INFO ]   ETA: 0h 02m  (31s/epoch, best_f1=0.3484)  (threshold óptimo=0.15, F1=0.4181)
2026-06-24 22:15:00 [INFO ] 
── Epoch 012/015 ────────────────────────────
2026-06-24 22:15:32 [INFO ] [energy] DDPTrainer.train_epoch: 3122.1 J  (0.86726 Wh)  potencia media 125.9 W
2026-06-24 22:15:32 [INFO ] [timed] DDPTrainer.train_epoch: 31.44s
2026-06-24 22:15:38 [INFO ] [energy] DDPTrainer.eval_epoch: 533.1 J  (0.14809 Wh)  potencia media 104.5 W
2026-06-24 22:15:38 [INFO ] [timed] DDPTrainer.eval_epoch: 5.98s
2026-06-24 22:15:38 [INFO ]   loss           train=0.2132  val=0.2288
2026-06-24 22:15:38 [INFO ]   f1             train=0.3582  val=0.3479
2026-06-24 22:15:38 [INFO ]   accuracy       train=0.9120  val=0.9022
2026-06-24 22:15:38 [INFO ]   precision      val=0.4381
2026-06-24 22:15:38 [INFO ]   recall         val=0.2972
2026-06-24 22:15:38 [INFO ]   ETA: 0h 01m  (31s/epoch, best_f1=0.3484)  (threshold óptimo=0.20, F1=0.4254)
2026-06-24 22:15:38 [INFO ] 
── Epoch 013/015 ────────────────────────────
2026-06-24 22:16:09 [INFO ] [energy] DDPTrainer.train_epoch: 3138.1 J  (0.87169 Wh)  potencia media 127.0 W
2026-06-24 22:16:09 [INFO ] [timed] DDPTrainer.train_epoch: 31.16s
2026-06-24 22:16:15 [INFO ] [energy] DDPTrainer.eval_epoch: 529.1 J  (0.14698 Wh)  potencia media 101.8 W
2026-06-24 22:16:15 [INFO ] [timed] DDPTrainer.eval_epoch: 6.08s
2026-06-24 22:16:15 [INFO ]   loss           train=0.2136  val=0.2268
2026-06-24 22:16:15 [INFO ]   f1             train=0.3575  val=0.3532
2026-06-24 22:16:15 [INFO ]   accuracy       train=0.9111  val=0.9042
2026-06-24 22:16:15 [INFO ]   precision      val=0.4432
2026-06-24 22:16:15 [INFO ]   recall         val=0.3019
2026-06-24 22:16:15 [INFO ] [Epoch 013] Checkpoint guardado
2026-06-24 22:16:15 [INFO ]   ETA: 0h 01m  (31s/epoch, best_f1=0.3532)  (threshold óptimo=0.25, F1=0.4245)
2026-06-24 22:16:15 [INFO ] 
── Epoch 014/015 ────────────────────────────
2026-06-24 22:16:47 [INFO ] [energy] DDPTrainer.train_epoch: 3091.3 J  (0.85869 Wh)  potencia media 125.7 W
2026-06-24 22:16:47 [INFO ] [timed] DDPTrainer.train_epoch: 31.26s
2026-06-24 22:16:53 [INFO ] [energy] DDPTrainer.eval_epoch: 542.2 J  (0.15062 Wh)  potencia media 104.3 W
2026-06-24 22:16:53 [INFO ] [timed] DDPTrainer.eval_epoch: 5.99s
2026-06-24 22:16:53 [INFO ]   loss           train=0.2100  val=0.2246
2026-06-24 22:16:53 [INFO ]   f1             train=0.3624  val=0.3606
2026-06-24 22:16:53 [INFO ]   accuracy       train=0.9124  val=0.9059
2026-06-24 22:16:53 [INFO ]   precision      val=0.4434
2026-06-24 22:16:53 [INFO ]   recall         val=0.3107
2026-06-24 22:16:53 [INFO ] [Epoch 014] Checkpoint guardado
2026-06-24 22:16:53 [INFO ]   ETA: 0h 00m  (31s/epoch, best_f1=0.3606)  (threshold óptimo=0.25, F1=0.4288)
2026-06-24 22:16:53 [INFO ] 
── Epoch 015/015 ────────────────────────────
2026-06-24 22:17:24 [INFO ] [energy] DDPTrainer.train_epoch: 3102.8 J  (0.86188 Wh)  potencia media 125.6 W
2026-06-24 22:17:24 [INFO ] [timed] DDPTrainer.train_epoch: 31.24s
2026-06-24 22:17:30 [INFO ] [energy] DDPTrainer.eval_epoch: 537.4 J  (0.14927 Wh)  potencia media 105.4 W
2026-06-24 22:17:30 [INFO ] [timed] DDPTrainer.eval_epoch: 5.96s
2026-06-24 22:17:30 [INFO ]   loss           train=0.2082  val=0.2258
2026-06-24 22:17:30 [INFO ]   f1             train=0.3593  val=0.3537
2026-06-24 22:17:30 [INFO ]   accuracy       train=0.9123  val=0.9042
2026-06-24 22:17:30 [INFO ]   precision      val=0.4408
2026-06-24 22:17:30 [INFO ]   recall         val=0.3029
2026-06-24 22:17:30 [INFO ]   ETA: 0h 00m  (31s/epoch, best_f1=0.3606)  (threshold óptimo=0.20, F1=0.4298)
2026-06-24 22:17:30 [INFO ] Entrenamiento completado — mejor Val F1: 0.3606
