════════════════════════════════════════════════════════════════════════
  ANÁLISIS DE VIABILIDAD — BigEarthNet ViT  (v3)
  04/06/2026 17:31:15
════════════════════════════════════════════════════════════════════════

────────────────────────────────────────────────────────────────────────  MODELO
  Nombre:               vit_tiny_patch16_224
  Parámetros totales:   5,528,083 (5.5M)
  FLOPs/imagen:         34.3 MFLOPs
  Memoria estática:     0.09 GB

────────────────────────────────────────────────────────────────────────  GPU
  Tesla T4  |  VRAM: 15.6 GB total / 15.6 GB libre
  Compute Capability: 7.5

────────────────────────────────────────────────────────────────────────  CPU / SISTEMA
  Núcleos: 4 lógicos / 2 físicos
  Frecuencia: 2000 MHz
  RAM: 33.7 GB total / 31.3 GB libre

────────────────────────────────────────────────────────────────────────  DISCO / DATASET I/O
  Tipo: NFS  |  NFS: sí
  Velocidad lectura: 17 MB/s  |  569 patches/s
  Patches encontrados: ~11,074
  ⚠ I/O-BOUND (ratio=1.58) — data loading más lento que cómputo

────────────────────────────────────────────────────────────────────────  MEMORIA POR BATCH SIZE
  Batch   Total est.      Estado
     48       1.99 GB        ✓ OK
     96       3.89 GB        ✓ OK

────────────────────────────────────────────────────────────────────────  BENCHMARK  (8 batches sintéticos)
  Batch  Modo      imgs/s(train)  imgs/s(eval)     VRAM
     48  off             299.9       910.3   1.57 GB
     48  simple          298.9       905.2   1.57 GB
     96  off             303.9       920.7   3.06 GB
     96  simple          301.6       906.4   3.06 GB

────────────────────────────────────────────────────────────────────────  ESTIMACIONES DE TIEMPO

  3 epochs:
  Batch  Modo      Train/ep  Eval/ep  Total/ep     TOTAL
     48  off         0h 00m   0h 00m    0h 00m    0h 00m
     48  simple      0h 00m   0h 00m    0h 00m    0h 00m
     96  off         0h 00m   0h 00m    0h 00m    0h 00m
     96  simple      0h 00m   0h 00m    0h 00m    0h 00m

────────────────────────────────────────────────────────────────────────  ANÁLISIS DDP — DISTRIBUCIÓN DE RECURSOS
  GPUs  Batch/GPU  Global batch  Workers  Speedup   Efic.    Cuello
     1         96            96        4    1.00×  100.0%        io
     2         96           192        2    1.00×   49.9%        io
     4         96           384        1    1.00×   25.0%        io
     8         96           768        1    1.00×   12.5%        io

  Configuración recomendada: 1 GPU(s) con batch=96/GPU
  ⚠ I/O es el cuello de botella — más GPUs no ayudarán sin disco más rápido

────────────────────────────────────────────────────────────────────────  PREDICCIÓN DE RENDIMIENTO (empírica)
  Modelo: vit_tiny_patch16_224
  Val F1 esperado:    ~0.530  (epoch ≈ 8)
  Early stop aprox.:  epoch ≈ 3  (patience=10)
  Confianza:          media
  Nota: Estimación empírica basada en 7 runs históricos en BigEarthNet-S2. | ViT-Tiny converge más rápido pe

────────────────────────────────────────────────────────────────────────  RECOMENDACIONES
  ✓ Batch size óptimo: 96 (303.9 imgs/s)
  → --trace off      3 epochs: ~0h 00m  [DDP×2: ~0.0h]
  → --trace simple   3 epochs: ~0h 00m  [DDP×2: ~0.0h]

  💡 En Verode (NFS), usa --nfs-factor 1.3 para estimaciones más precisas

