════════════════════════════════════════════════════════════════════════
  ANÁLISIS DE VIABILIDAD — BigEarthNet ViT
  26/05/2026 23:46:08
════════════════════════════════════════════════════════════════════════

────────────────────────────────────────────────────────────────────────
  MODELO
────────────────────────────────────────────────────────────────────────
  Nombre:               vit_small_patch16_224
  Parámetros totales:   21,672,979 (21.7M)
  Parámetros train.:    21,672,979 (21.7M)
  FLOPs/imagen:         79.2 MFLOPs
  Memoria pesos:        87 MB
  Gradientes:           87 MB
  Estado AdamW:         173 MB
  Total estático:       0.34 GB  (sin activaciones)

────────────────────────────────────────────────────────────────────────
  HARDWARE
────────────────────────────────────────────────────────────────────────
  GPU:                  NVIDIA GeForce RTX 3060 Ti
  VRAM total:           8.20 GB
  VRAM libre:           8.20 GB

────────────────────────────────────────────────────────────────────────
  MEMORIA POR BATCH SIZE
────────────────────────────────────────────────────────────────────────
  Estática (pesos+grad+AdamW): 0.34 GB
  Activaciones por imagen:     81.1 MB

  Batch    Estática   Activac.   Total est.    Estado
  ─────  ──────────  ─────────  ───────────  ────────
     32      0.34 GB     2.53 GB       2.87 GB      ✓ OK
     64      0.34 GB     5.07 GB       5.41 GB      ✓ OK

────────────────────────────────────────────────────────────────────────
  BENCHMARK  (8 batches sintéticos — sin I/O real)
────────────────────────────────────────────────────────────────────────
  Batch  Modo      s/batch(train)  imgs/s(train)  s/batch(eval)     VRAM
  ─────  ────────  ──────────────  ─────────────  ─────────────  ───────
     32  off              0.152s        210.5        0.048s   2.24 GB
     32  simple           0.151s        211.5        0.048s   2.24 GB  (+0% vs off)
     32  deep             0.219s        146.0        0.086s   2.24 GB  (+44% vs off)
     64  off              0.297s        215.4        0.095s   4.19 GB
     64  simple           0.296s        216.2        0.095s   4.19 GB  (+0% vs off)
     64  deep             0.399s        160.3        0.159s   4.19 GB  (+34% vs off)

────────────────────────────────────────────────────────────────────────
  ESTIMACIONES  (train=237,871 | val=122,342)
────────────────────────────────────────────────────────────────────────

  30 epochs:
  Batch  Modo      Train/epoch  Eval/epoch  Total/epoch       TOTAL
  ─────  ────────  ───────────  ──────────  ───────────  ──────────
     32  off            0h 18m      0h 03m       0h 21m     10h 56m
     32  simple         0h 18m      0h 03m       0h 21m     10h 53m
     32  deep           0h 27m      0h 05m       0h 32m     16h 18m
     64  off            0h 18m      0h 03m       0h 21m     10h 43m
     64  simple         0h 18m      0h 03m       0h 21m     10h 41m
     64  deep           0h 24m      0h 05m       0h 29m     14h 53m

────────────────────────────────────────────────────────────────────────
  RECOMENDACIONES
────────────────────────────────────────────────────────────────────────
  ✓ Batch size óptimo:  64 (215.4 imgs/s en train)
  → --trace off      para 30 epochs:  ~10h 43m  (train 0h 18m/epoch + eval 0h 03m/epoch)
  → --trace simple   para 30 epochs:  ~10h 41m  (train 0h 18m/epoch + eval 0h 03m/epoch)
  → --trace deep     para 30 epochs:  ~14h 53m  (train 0h 24m/epoch + eval 0h 05m/epoch)
  ⚠ --trace deep añade un 34% de overhead — úsalo solo para análisis puntual

  💡 En Verode (NFS), usa --nfs-factor 1.3 para estimaciones más precisas

