sys:1: UserWarning: Full backward hook is firing when gradients are computed with respect to module outputs since no inputs require gradients. See https://docs.pytorch.org/docs/main/generated/torch.nn.Module.html#torch.nn.Module.register_full_backward_hook for more details.
Cargando modelo vit_base_patch16_224...
Benchmarking 1/9: batch_size=16, trace=off...
Benchmarking 2/9: batch_size=16, trace=simple...
Benchmarking 3/9: batch_size=16, trace=deep...
Benchmarking 4/9: batch_size=32, trace=off...
Benchmarking 5/9: batch_size=32, trace=simple...
Benchmarking 6/9: batch_size=32, trace=deep...
Benchmarking 7/9: batch_size=64, trace=off...
Benchmarking 8/9: batch_size=64, trace=simple...
Benchmarking 9/9: batch_size=64, trace=deep...
══════════════════════════════════════════════════════════════════════
  ANÁLISIS DE VIABILIDAD — BigEarthNet ViT
══════════════════════════════════════════════════════════════════════

──────────────────────────────────────────────────────────────────────
  MODELO
──────────────────────────────────────────────────────────────────────
  Nombre:               vit_base_patch16_224
  Parámetros totales:   85,813,267 (85.8M)
  Parámetros train.:    85,813,267 (85.8M)
  FLOPs/imagen:         200.8 MFLOPs
  Memoria pesos:        343 MB
  Gradientes:           343 MB
  Estado AdamW:         687 MB
  Total estático:       1.34 GB  (sin activaciones)

──────────────────────────────────────────────────────────────────────
  HARDWARE
──────────────────────────────────────────────────────────────────────
  GPU:                  NVIDIA GeForce RTX 3060 Ti
  VRAM total:           8.20 GB
  VRAM libre:           8.20 GB

──────────────────────────────────────────────────────────────────────
  MEMORIA POR BATCH SIZE
──────────────────────────────────────────────────────────────────────
  Memoria estática (pesos + grad + AdamW): 1.34 GB
  Activaciones por imagen (forward+backward): 162.2 MB

  Batch    Estática   Activaciones   Total est.    Estado
  ─────  ──────────  ─────────────  ───────────  ────────
     16      1.34 GB         2.53 GB       3.87 GB      ✓ OK
     32      1.34 GB         5.07 GB       6.41 GB      ✓ OK
     64      1.34 GB        10.14 GB      11.48 GB     OOM ✗

──────────────────────────────────────────────────────────────────────
  BENCHMARK  (8 batches sintéticos por configuración)
──────────────────────────────────────────────────────────────────────
  Batch  Modo       s/batch   imgs/s   VRAM pico    Estado
  ─────  ────────  ────────  ───────  ──────────  ────────
     16  off         0.231s    69.2      3.01 GB  ✓ OK 
     16  simple      0.232s    69.0      3.01 GB  ✓ OK +0%
     16  deep        0.294s    54.4      3.01 GB  ✓ OK +27%
     32  off         0.443s    72.3      4.95 GB  ✓ OK 
     32  simple      0.444s    72.1      4.95 GB  ✓ OK +0%
     32  deep        0.540s    59.3      4.95 GB  ✓ OK +22%
     64  off              —        —           —     OOM ✗
     64  simple           —        —           —     OOM ✗
     64  deep             —        —           —     OOM ✗

──────────────────────────────────────────────────────────────────────
  ESTIMACIONES  (train=237,871 imgs)
──────────────────────────────────────────────────────────────────────

  30 epochs:
  Batch  Modo       Tiempo/epoch       Total
  ─────  ────────  ─────────────  ──────────
     16  off              0h 57m     28h 38m
     16  simple           0h 57m     28h 43m
     16  deep             1h 12m     36h 24m
     32  off              0h 54m     27h 25m
     32  simple           0h 54m     27h 29m
     32  deep             1h 06m     33h 25m
     64  off                   —         OOM
     64  simple                —         OOM
     64  deep                  —         OOM

──────────────────────────────────────────────────────────────────────
  RECOMENDACIONES
──────────────────────────────────────────────────────────────────────
  ✓ Batch size óptimo:  32 (72.3 imgs/s)
  → --trace off      para 30 epochs:  ~27h 25m
  → --trace simple   para 30 epochs:  ~27h 29m
  → --trace deep     para 30 epochs:  ~33h 25m
  ⚠ --trace deep añade un 22% de overhead — úsalo solo para análisis puntual

