2026-05-11 22:00:35 [INFO ] === Arquitectura del modelo (torchinfo) ===
2026-05-11 22:00:35 [INFO ] ===============================================================================================
2026-05-11 22:00:35 [INFO ] Layer (type:depth-idx)                        Output Shape              Param #
2026-05-11 22:00:35 [INFO ] ===============================================================================================
2026-05-11 22:00:35 [INFO ] BigEarthModel                                 [1, 19]                   --
2026-05-11 22:00:35 [INFO ] ├─VisionTransformer: 1-1                      [1, 192]                  38,016
2026-05-11 22:00:35 [INFO ] │    └─PatchEmbed: 2-1                        [1, 196, 192]             --
2026-05-11 22:00:35 [INFO ] │    │    └─Conv2d: 3-1                       [1, 192, 14, 14]          147,648
2026-05-11 22:00:35 [INFO ] │    │    └─Identity: 3-2                     [1, 196, 192]             --
2026-05-11 22:00:35 [INFO ] │    └─Dropout: 2-2                           [1, 197, 192]             --
2026-05-11 22:00:35 [INFO ] │    └─Identity: 2-3                          [1, 197, 192]             --
2026-05-11 22:00:35 [INFO ] │    └─Identity: 2-4                          [1, 197, 192]             --
2026-05-11 22:00:35 [INFO ] │    └─Sequential: 2-5                        [1, 197, 192]             --
2026-05-11 22:00:35 [INFO ] │    │    └─Block: 3-3                        [1, 197, 192]             444,864
2026-05-11 22:00:35 [INFO ] │    │    └─Block: 3-4                        [1, 197, 192]             444,864
2026-05-11 22:00:35 [INFO ] │    │    └─Block: 3-5                        [1, 197, 192]             444,864
2026-05-11 22:00:35 [INFO ] │    │    └─Block: 3-6                        [1, 197, 192]             444,864
2026-05-11 22:00:35 [INFO ] │    │    └─Block: 3-7                        [1, 197, 192]             444,864
2026-05-11 22:00:35 [INFO ] │    │    └─Block: 3-8                        [1, 197, 192]             444,864
2026-05-11 22:00:35 [INFO ] │    │    └─Block: 3-9                        [1, 197, 192]             444,864
2026-05-11 22:00:35 [INFO ] │    │    └─Block: 3-10                       [1, 197, 192]             444,864
2026-05-11 22:00:35 [INFO ] │    │    └─Block: 3-11                       [1, 197, 192]             444,864
2026-05-11 22:00:35 [INFO ] │    │    └─Block: 3-12                       [1, 197, 192]             444,864
2026-05-11 22:00:35 [INFO ] │    │    └─Block: 3-13                       [1, 197, 192]             444,864
2026-05-11 22:00:35 [INFO ] │    │    └─Block: 3-14                       [1, 197, 192]             444,864
2026-05-11 22:00:35 [INFO ] │    └─LayerNorm: 2-6                         [1, 197, 192]             384
2026-05-11 22:00:35 [INFO ] │    └─Identity: 2-7                          [1, 192]                  --
2026-05-11 22:00:35 [INFO ] │    └─Dropout: 2-8                           [1, 192]                  --
2026-05-11 22:00:35 [INFO ] │    └─Identity: 2-9                          [1, 192]                  --
2026-05-11 22:00:35 [INFO ] ├─Sequential: 1-2                             [1, 19]                   --
2026-05-11 22:00:35 [INFO ] │    └─Dropout: 2-10                          [1, 192]                  --
2026-05-11 22:00:35 [INFO ] │    └─Linear: 2-11                           [1, 19]                   3,667
2026-05-11 22:00:35 [INFO ] ===============================================================================================
2026-05-11 22:00:35 [INFO ] Total params: 5,528,083
2026-05-11 22:00:35 [INFO ] Trainable params: 5,528,083
2026-05-11 22:00:35 [INFO ] Non-trainable params: 0
2026-05-11 22:00:35 [INFO ] Total mult-adds (Units.MEGABYTES): 34.28
2026-05-11 22:00:35 [INFO ] ===============================================================================================
2026-05-11 22:00:35 [INFO ] Input size (MB): 0.60
2026-05-11 22:00:35 [INFO ] Forward/backward pass size (MB): 40.55
2026-05-11 22:00:35 [INFO ] Params size (MB): 21.96
2026-05-11 22:00:35 [INFO ] Estimated Total Size (MB): 63.11
2026-05-11 22:00:35 [INFO ] ===============================================================================================
2026-05-11 22:00:35 [INFO ] Iniciando entrenamiento profundo — 1 epochs | módulos: 280 | params: 152 | features: anomalies, grad-monitor, model-summary
2026-05-11 22:00:35 [INFO ] [E001/1] ── Entrenamiento  GPU=0.0GB/0.0GB  LR=1.00e-05 | 1.00e-05 | 7.50e-06 | 7.50e-06 | 7.50e-06 | 7.50e-06 | 5.63e-06 | 5.63e-06 | 4.22e-06 | 4.22e-06 | 3.16e-06 | 3.16e-06 | 2.37e-06 | 2.37e-06 | 1.78e-06 | 1.78e-06 | 1.33e-06 | 1.33e-06 | 1.00e-06 | 1.00e-06 | 7.51e-07 | 7.51e-07 | 5.63e-07 | 5.63e-07 | 4.22e-07 | 4.22e-07 | 3.17e-07 | 3.17e-07 | 1.78e-07 | 1.78e-07
2026-05-11 22:38:21 [INFO ] [Epoch 001] Checkpoint guardado
2026-05-11 22:38:21 [INFO ] [E001] Flujo de gradientes sin anomalías
2026-05-11 22:38:21 [INFO ] [E001/1] ══ RESUMEN  train_loss=0.2266  train_f1=0.3793  train_acc=0.9027 | val_loss=0.2085  val_f1=0.4457  best=0.4457 | val_prec=0.6605  val_rec=0.3868 | time=1798s  ETA=0h 00m  GPU=0.1GB/1.2GB
2026-05-11 22:38:21 [INFO ] Entrenamiento completado — mejor Val F1: 0.4457
