2026-05-27 16:05:29 [INFO ] === Arquitectura del modelo (torchinfo) ===
2026-05-27 16:05:29 [INFO ] ===============================================================================================
2026-05-27 16:05:29 [INFO ] Layer (type:depth-idx)                        Output Shape              Param #
2026-05-27 16:05:29 [INFO ] ===============================================================================================
2026-05-27 16:05:29 [INFO ] BigEarthModel                                 [1, 19]                   --
2026-05-27 16:05:29 [INFO ] ├─VisionTransformer: 1-1                      [1, 192]                  38,016
2026-05-27 16:05:29 [INFO ] │    └─PatchEmbed: 2-1                        [1, 196, 192]             --
2026-05-27 16:05:29 [INFO ] │    │    └─Conv2d: 3-1                       [1, 192, 14, 14]          147,648
2026-05-27 16:05:29 [INFO ] │    │    └─Identity: 3-2                     [1, 196, 192]             --
2026-05-27 16:05:29 [INFO ] │    └─Dropout: 2-2                           [1, 197, 192]             --
2026-05-27 16:05:29 [INFO ] │    └─Identity: 2-3                          [1, 197, 192]             --
2026-05-27 16:05:30 [INFO ] │    └─Identity: 2-4                          [1, 197, 192]             --
2026-05-27 16:05:30 [INFO ] │    └─Sequential: 2-5                        [1, 197, 192]             --
2026-05-27 16:05:30 [INFO ] │    │    └─Block: 3-3                        [1, 197, 192]             444,864
2026-05-27 16:05:30 [INFO ] │    │    └─Block: 3-4                        [1, 197, 192]             444,864
2026-05-27 16:05:30 [INFO ] │    │    └─Block: 3-5                        [1, 197, 192]             444,864
2026-05-27 16:05:30 [INFO ] │    │    └─Block: 3-6                        [1, 197, 192]             444,864
2026-05-27 16:05:30 [INFO ] │    │    └─Block: 3-7                        [1, 197, 192]             444,864
2026-05-27 16:05:30 [INFO ] │    │    └─Block: 3-8                        [1, 197, 192]             444,864
2026-05-27 16:05:30 [INFO ] │    │    └─Block: 3-9                        [1, 197, 192]             444,864
2026-05-27 16:05:30 [INFO ] │    │    └─Block: 3-10                       [1, 197, 192]             444,864
2026-05-27 16:05:30 [INFO ] │    │    └─Block: 3-11                       [1, 197, 192]             444,864
2026-05-27 16:05:30 [INFO ] │    │    └─Block: 3-12                       [1, 197, 192]             444,864
2026-05-27 16:05:30 [INFO ] │    │    └─Block: 3-13                       [1, 197, 192]             444,864
2026-05-27 16:05:30 [INFO ] │    │    └─Block: 3-14                       [1, 197, 192]             444,864
2026-05-27 16:05:30 [INFO ] │    └─LayerNorm: 2-6                         [1, 197, 192]             384
2026-05-27 16:05:30 [INFO ] │    └─Identity: 2-7                          [1, 192]                  --
2026-05-27 16:05:30 [INFO ] │    └─Dropout: 2-8                           [1, 192]                  --
2026-05-27 16:05:30 [INFO ] │    └─Identity: 2-9                          [1, 192]                  --
2026-05-27 16:05:30 [INFO ] ├─Sequential: 1-2                             [1, 19]                   --
2026-05-27 16:05:30 [INFO ] │    └─Dropout: 2-10                          [1, 192]                  --
2026-05-27 16:05:30 [INFO ] │    └─Linear: 2-11                           [1, 19]                   3,667
2026-05-27 16:05:30 [INFO ] ===============================================================================================
2026-05-27 16:05:30 [INFO ] Total params: 5,528,083
2026-05-27 16:05:30 [INFO ] Trainable params: 5,528,083
2026-05-27 16:05:30 [INFO ] Non-trainable params: 0
2026-05-27 16:05:30 [INFO ] Total mult-adds (Units.MEGABYTES): 34.28
2026-05-27 16:05:30 [INFO ] ===============================================================================================
2026-05-27 16:05:30 [INFO ] Input size (MB): 0.60
2026-05-27 16:05:30 [INFO ] Forward/backward pass size (MB): 40.55
2026-05-27 16:05:30 [INFO ] Params size (MB): 21.96
2026-05-27 16:05:30 [INFO ] Estimated Total Size (MB): 63.11
2026-05-27 16:05:30 [INFO ] ===============================================================================================
2026-05-27 16:05:30 [INFO ] Iniciando entrenamiento profundo — 1 epochs | módulos: 280 | params: 152 | features: anomalies, batch-table, grad-monitor, model-summary
2026-05-27 16:05:30 [INFO ] [E001/1] ── Entrenamiento  GPU=0.0GB/0.0GB  LR=1.78e-07 … 1.00e-05 (30 groups)
2026-05-27 16:05:43 [INFO ] [E001/B00050/7434] GPU=0.1GB/1.2GB  LR=1.78e-07 … 1.00e-05 (30 groups)
2026-05-27 16:05:43 [INFO ]   Layer                                           act_μ   act_σ  dead%   grad_n  grad_max   status
2026-05-27 16:05:43 [INFO ]   ──────────────────────────────────────────────────────────────────────────────────────────────────
2026-05-27 16:05:43 [INFO ]   backbone.patch_embed.proj                      0.3206  0.7384   0.0%   0.0151    0.0014       OK
2026-05-27 16:05:43 [INFO ]   backbone.blocks.0.attn.proj                    0.2827  0.5256   0.0%   0.0195    0.0015       OK
2026-05-27 16:05:43 [INFO ]   backbone.blocks.1.attn.proj                    0.6677  0.8930   0.0%   0.0172    0.0011       OK
2026-05-27 16:05:43 [INFO ]   backbone.blocks.2.attn.proj                    0.5224  0.6711   0.0%   0.0240    0.0012       OK
2026-05-27 16:05:43 [INFO ]   backbone.blocks.3.attn.proj                    0.3843  0.4889   0.0%   0.0234    0.0012       OK
2026-05-27 16:05:43 [INFO ]   backbone.blocks.4.attn.proj                    0.5586  0.7008   0.0%   0.0243    0.0014       OK
2026-05-27 16:05:43 [INFO ]   backbone.blocks.5.attn.proj                    0.3862  0.4962   0.0%   0.0251    0.0016       OK
2026-05-27 16:05:43 [INFO ]   backbone.blocks.6.attn.proj                    0.3188  0.4003   0.0%   0.0297    0.0020       OK
2026-05-27 16:05:43 [INFO ]   backbone.blocks.7.attn.proj                    0.2571  0.3386   0.0%   0.0334    0.0021       OK
2026-05-27 16:05:43 [INFO ]   backbone.blocks.8.attn.proj                    0.1807  0.2649   0.0%   0.0353    0.0024       OK
2026-05-27 16:05:43 [INFO ]   backbone.blocks.9.attn.proj                    0.1361  0.1880   0.0%   0.0332    0.0023       OK
2026-05-27 16:05:43 [INFO ]   backbone.blocks.10.attn.proj                   0.1675  0.2240   0.0%   0.0318    0.0022       OK
2026-05-27 16:05:43 [INFO ]   backbone.blocks.11.attn.proj                   0.2181  0.3646   0.0%   0.0317    0.0020       OK
2026-05-27 16:05:43 [INFO ]   head.1                                         1.4878  1.0513   0.0%   0.0128    0.0015       OK
2026-05-27 16:05:54 [INFO ] [E001/B00100/7434] GPU=0.1GB/1.2GB  LR=1.78e-07 … 1.00e-05 (30 groups)
2026-05-27 16:05:54 [INFO ]   Layer                                           act_μ   act_σ  dead%   grad_n  grad_max   status
2026-05-27 16:05:54 [INFO ]   ──────────────────────────────────────────────────────────────────────────────────────────────────
2026-05-27 16:05:54 [INFO ]   backbone.patch_embed.proj                      0.3337  0.7486   0.0%   0.0137    0.0010       OK
2026-05-27 16:05:54 [INFO ]   backbone.blocks.0.attn.proj                    0.2805  0.5201   0.0%   0.0175    0.0012       OK
2026-05-27 16:05:54 [INFO ]   backbone.blocks.1.attn.proj                    0.6592  0.8839   0.0%   0.0153    0.0011       OK
2026-05-27 16:05:54 [INFO ]   backbone.blocks.2.attn.proj                    0.5183  0.6650   0.0%   0.0213    0.0013       OK
2026-05-27 16:05:54 [INFO ]   backbone.blocks.3.attn.proj                    0.3790  0.4849   0.0%   0.0211    0.0020       OK
2026-05-27 16:05:54 [INFO ]   backbone.blocks.4.attn.proj                    0.5628  0.7055   0.0%   0.0223    0.0018       OK
2026-05-27 16:05:54 [INFO ]   backbone.blocks.5.attn.proj                    0.3620  0.4674   0.0%   0.0227    0.0018       OK
2026-05-27 16:05:54 [INFO ]   backbone.blocks.6.attn.proj                    0.3127  0.3936   0.0%   0.0275    0.0018       OK
2026-05-27 16:05:54 [INFO ]   backbone.blocks.7.attn.proj                    0.2559  0.3359   0.0%   0.0307    0.0021       OK
2026-05-27 16:05:54 [INFO ]   backbone.blocks.8.attn.proj                    0.1783  0.2613   0.0%   0.0329    0.0023       OK
2026-05-27 16:05:54 [INFO ]   backbone.blocks.9.attn.proj                    0.1362  0.1884   0.0%   0.0309    0.0021       OK
2026-05-27 16:05:54 [INFO ]   backbone.blocks.10.attn.proj                   0.1680  0.2245   0.0%   0.0296    0.0016       OK
2026-05-27 16:05:54 [INFO ]   backbone.blocks.11.attn.proj                   0.2186  0.3632   0.0%   0.0295    0.0017       OK
2026-05-27 16:05:54 [INFO ]   head.1                                         1.8160  1.1182   0.0%   0.0120    0.0015       OK
2026-05-27 16:06:06 [INFO ] [E001/B00150/7434] GPU=0.1GB/1.2GB  LR=1.78e-07 … 1.00e-05 (30 groups)
2026-05-27 16:06:06 [INFO ]   Layer                                           act_μ   act_σ  dead%   grad_n  grad_max   status
2026-05-27 16:06:06 [INFO ]   ──────────────────────────────────────────────────────────────────────────────────────────────────
2026-05-27 16:06:06 [INFO ]   backbone.patch_embed.proj                      0.3149  0.7126   0.0%   0.0155    0.0028       OK
2026-05-27 16:06:06 [INFO ]   backbone.blocks.0.attn.proj                    0.2779  0.5180   0.0%   0.0182    0.0032       OK
2026-05-27 16:06:06 [INFO ]   backbone.blocks.1.attn.proj                    0.6537  0.8766   0.0%   0.0135    0.0010       OK
2026-05-27 16:06:06 [INFO ]   backbone.blocks.2.attn.proj                    0.5131  0.6586   0.0%   0.0192    0.0012       OK
2026-05-27 16:06:06 [INFO ]   backbone.blocks.3.attn.proj                    0.3800  0.4855   0.0%   0.0189    0.0011       OK
2026-05-27 16:06:06 [INFO ]   backbone.blocks.4.attn.proj                    0.5634  0.7063   0.0%   0.0199    0.0012       OK
2026-05-27 16:06:06 [INFO ]   backbone.blocks.5.attn.proj                    0.3574  0.4625   0.0%   0.0209    0.0013       OK
2026-05-27 16:06:06 [INFO ]   backbone.blocks.6.attn.proj                    0.3144  0.3961   0.0%   0.0258    0.0015       OK
2026-05-27 16:06:06 [INFO ]   backbone.blocks.7.attn.proj                    0.2536  0.3344   0.0%   0.0290    0.0015       OK
2026-05-27 16:06:06 [INFO ]   backbone.blocks.8.attn.proj                    0.1762  0.2599   0.0%   0.0310    0.0019       OK
2026-05-27 16:06:06 [INFO ]   backbone.blocks.9.attn.proj                    0.1371  0.1891   0.0%   0.0294    0.0019       OK
2026-05-27 16:06:06 [INFO ]   backbone.blocks.10.attn.proj                   0.1687  0.2253   0.0%   0.0283    0.0018       OK
2026-05-27 16:06:06 [INFO ]   backbone.blocks.11.attn.proj                   0.2147  0.3580   0.0%   0.0280    0.0017       OK
2026-05-27 16:06:06 [INFO ]   head.1                                         1.7668  1.0768   0.0%   0.0122    0.0015       OK
2026-05-27 16:06:18 [INFO ] [E001/B00200/7434] GPU=0.1GB/1.2GB  LR=1.78e-07 … 1.00e-05 (30 groups)
2026-05-27 16:06:18 [INFO ]   Layer                                           act_μ   act_σ  dead%   grad_n  grad_max   status
2026-05-27 16:06:18 [INFO ]   ──────────────────────────────────────────────────────────────────────────────────────────────────
2026-05-27 16:06:18 [INFO ]   backbone.patch_embed.proj                      0.3039  0.7284   0.0%   0.0080    0.0009       OK
2026-05-27 16:06:18 [INFO ]   backbone.blocks.0.attn.proj                    0.2848  0.5331   0.0%   0.0106    0.0010       OK
2026-05-27 16:06:18 [INFO ]   backbone.blocks.1.attn.proj                    0.6789  0.9042   0.0%   0.0097    0.0011       OK
2026-05-27 16:06:18 [INFO ]   backbone.blocks.2.attn.proj                    0.5292  0.6788   0.0%   0.0140    0.0014       OK
2026-05-27 16:06:18 [INFO ]   backbone.blocks.3.attn.proj                    0.3817  0.4828   0.0%   0.0133    0.0014       OK
2026-05-27 16:06:18 [INFO ]   backbone.blocks.4.attn.proj                    0.5698  0.7106   0.0%   0.0145    0.0014       OK
2026-05-27 16:06:18 [INFO ]   backbone.blocks.5.attn.proj                    0.3814  0.4860   0.0%   0.0148    0.0013       OK
2026-05-27 16:06:18 [INFO ]   backbone.blocks.6.attn.proj                    0.3220  0.4091   0.0%   0.0185    0.0012       OK
2026-05-27 16:06:18 [INFO ]   backbone.blocks.7.attn.proj                    0.2618  0.3402   0.0%   0.0199    0.0016       OK
2026-05-27 16:06:18 [INFO ]   backbone.blocks.8.attn.proj                    0.1801  0.2634   0.0%   0.0215    0.0014       OK
2026-05-27 16:06:18 [INFO ]   backbone.blocks.9.attn.proj                    0.1357  0.1881   0.0%   0.0200    0.0014       OK
2026-05-27 16:06:18 [INFO ]   backbone.blocks.10.attn.proj                   0.1684  0.2253   0.0%   0.0193    0.0012       OK
2026-05-27 16:06:18 [INFO ]   backbone.blocks.11.attn.proj                   0.2148  0.3563   0.0%   0.0193    0.0013       OK
2026-05-27 16:06:18 [INFO ]   head.1                                         1.8940  1.0248   0.0%   0.0087    0.0013       OK
2026-05-27 16:06:30 [INFO ] [E001/B00250/7434] GPU=0.1GB/1.2GB  LR=1.78e-07 … 1.00e-05 (30 groups)
2026-05-27 16:06:30 [INFO ]   Layer                                           act_μ   act_σ  dead%   grad_n  grad_max   status
2026-05-27 16:06:30 [INFO ]   ──────────────────────────────────────────────────────────────────────────────────────────────────
2026-05-27 16:06:30 [INFO ]   backbone.patch_embed.proj                      0.3145  0.7331   0.0%   0.0107    0.0010       OK
2026-05-27 16:06:30 [INFO ]   backbone.blocks.0.attn.proj                    0.2826  0.5287   0.0%   0.0140    0.0012       OK
2026-05-27 16:06:30 [INFO ]   backbone.blocks.1.attn.proj                    0.6670  0.8922   0.0%   0.0129    0.0013       OK
2026-05-27 16:06:30 [INFO ]   backbone.blocks.2.attn.proj                    0.5255  0.6734   0.0%   0.0188    0.0016       OK
2026-05-27 16:06:30 [INFO ]   backbone.blocks.3.attn.proj                    0.3849  0.4910   0.0%   0.0184    0.0014       OK
2026-05-27 16:06:30 [INFO ]   backbone.blocks.4.attn.proj                    0.5711  0.7154   0.0%   0.0198    0.0015       OK
2026-05-27 16:06:30 [INFO ]   backbone.blocks.5.attn.proj                    0.3577  0.4607   0.0%   0.0201    0.0013       OK
2026-05-27 16:06:30 [INFO ]   backbone.blocks.6.attn.proj                    0.3186  0.4026   0.0%   0.0246    0.0014       OK
2026-05-27 16:06:30 [INFO ]   backbone.blocks.7.attn.proj                    0.2566  0.3374   0.0%   0.0270    0.0015       OK
2026-05-27 16:06:30 [INFO ]   backbone.blocks.8.attn.proj                    0.1799  0.2635   0.0%   0.0288    0.0018       OK
2026-05-27 16:06:30 [INFO ]   backbone.blocks.9.attn.proj                    0.1374  0.1892   0.0%   0.0268    0.0016       OK
2026-05-27 16:06:30 [INFO ]   backbone.blocks.10.attn.proj                   0.1696  0.2265   0.0%   0.0257    0.0016       OK
2026-05-27 16:06:30 [INFO ]   backbone.blocks.11.attn.proj                   0.2142  0.3550   0.0%   0.0254    0.0016       OK
2026-05-27 16:06:30 [INFO ]   head.1                                         1.9698  1.0603   0.0%   0.0113    0.0015       OK
2026-05-27 16:06:42 [INFO ] [E001/B00300/7434] GPU=0.1GB/1.2GB  LR=1.78e-07 … 1.00e-05 (30 groups)
2026-05-27 16:06:42 [INFO ]   Layer                                           act_μ   act_σ  dead%   grad_n  grad_max   status
2026-05-27 16:06:42 [INFO ]   ──────────────────────────────────────────────────────────────────────────────────────────────────
2026-05-27 16:06:42 [INFO ]   backbone.patch_embed.proj                      0.3086  0.7083   0.0%   0.0130    0.0017       OK
2026-05-27 16:06:42 [INFO ]   backbone.blocks.0.attn.proj                    0.2790  0.5193   0.0%   0.0154    0.0017       OK
2026-05-27 16:06:42 [INFO ]   backbone.blocks.1.attn.proj                    0.6429  0.8627   0.0%   0.0120    0.0018       OK
2026-05-27 16:06:42 [INFO ]   backbone.blocks.2.attn.proj                    0.5015  0.6469   0.0%   0.0170    0.0021       OK
2026-05-27 16:06:42 [INFO ]   backbone.blocks.3.attn.proj                    0.3754  0.4802   0.0%   0.0167    0.0019       OK
2026-05-27 16:06:42 [INFO ]   backbone.blocks.4.attn.proj                    0.5538  0.6970   0.0%   0.0179    0.0013       OK
2026-05-27 16:06:42 [INFO ]   backbone.blocks.5.attn.proj                    0.3393  0.4398   0.0%   0.0179    0.0012       OK
2026-05-27 16:06:42 [INFO ]   backbone.blocks.6.attn.proj                    0.3082  0.3914   0.0%   0.0220    0.0015       OK
2026-05-27 16:06:42 [INFO ]   backbone.blocks.7.attn.proj                    0.2495  0.3283   0.0%   0.0244    0.0019       OK
2026-05-27 16:06:42 [INFO ]   backbone.blocks.8.attn.proj                    0.1765  0.2602   0.0%   0.0261    0.0019       OK
2026-05-27 16:06:42 [INFO ]   backbone.blocks.9.attn.proj                    0.1373  0.1888   0.0%   0.0247    0.0016       OK
2026-05-27 16:06:42 [INFO ]   backbone.blocks.10.attn.proj                   0.1701  0.2279   0.0%   0.0234    0.0016       OK
2026-05-27 16:06:42 [INFO ]   backbone.blocks.11.attn.proj                   0.2157  0.3570   0.0%   0.0231    0.0015       OK
2026-05-27 16:06:42 [INFO ]   head.1                                         1.9078  1.1505   0.0%   0.0104    0.0015       OK
2026-05-27 16:06:54 [INFO ] [E001/B00350/7434] GPU=0.1GB/1.2GB  LR=1.78e-07 … 1.00e-05 (30 groups)
2026-05-27 16:06:54 [INFO ]   Layer                                           act_μ   act_σ  dead%   grad_n  grad_max   status
2026-05-27 16:06:54 [INFO ]   ──────────────────────────────────────────────────────────────────────────────────────────────────
2026-05-27 16:06:54 [INFO ]   backbone.patch_embed.proj                      0.3061  0.7135   0.0%   0.0090    0.0007       OK
2026-05-27 16:06:54 [INFO ]   backbone.blocks.0.attn.proj                    0.2813  0.5262   0.0%   0.0121    0.0008       OK
2026-05-27 16:06:54 [INFO ]   backbone.blocks.1.attn.proj                    0.6529  0.8724   0.0%   0.0114    0.0010       OK
2026-05-27 16:06:54 [INFO ]   backbone.blocks.2.attn.proj                    0.5146  0.6586   0.0%   0.0167    0.0014       OK
2026-05-27 16:06:54 [INFO ]   backbone.blocks.3.attn.proj                    0.3756  0.4818   0.0%   0.0159    0.0012       OK
2026-05-27 16:06:54 [INFO ]   backbone.blocks.4.attn.proj                    0.5557  0.6971   0.0%   0.0165    0.0014       OK
2026-05-27 16:06:54 [INFO ]   backbone.blocks.5.attn.proj                    0.3353  0.4344   0.0%   0.0164    0.0014       OK
2026-05-27 16:06:54 [INFO ]   backbone.blocks.6.attn.proj                    0.3163  0.4011   0.0%   0.0197    0.0015       OK
2026-05-27 16:06:54 [INFO ]   backbone.blocks.7.attn.proj                    0.2507  0.3314   0.0%   0.0212    0.0019       OK
2026-05-27 16:06:54 [INFO ]   backbone.blocks.8.attn.proj                    0.1741  0.2570   0.0%   0.0226    0.0017       OK
2026-05-27 16:06:54 [INFO ]   backbone.blocks.9.attn.proj                    0.1382  0.1902   0.0%   0.0204    0.0011       OK
2026-05-27 16:06:54 [INFO ]   backbone.blocks.10.attn.proj                   0.1707  0.2280   0.0%   0.0193    0.0011       OK
2026-05-27 16:06:54 [INFO ]   backbone.blocks.11.attn.proj                   0.2122  0.3518   0.0%   0.0190    0.0011       OK
2026-05-27 16:06:54 [INFO ]   head.1                                         1.8645  1.1170   0.0%   0.0087    0.0012       OK
