2026-05-13 12:53:30 [INFO ] === Arquitectura del modelo (torchinfo) ===
2026-05-13 12:53:30 [INFO ] ===============================================================================================
2026-05-13 12:53:30 [INFO ] Layer (type:depth-idx)                        Output Shape              Param #
2026-05-13 12:53:30 [INFO ] ===============================================================================================
2026-05-13 12:53:30 [INFO ] BigEarthModel                                 [1, 19]                   --
2026-05-13 12:53:30 [INFO ] ├─VisionTransformer: 1-1                      [1, 192]                  38,016
2026-05-13 12:53:30 [INFO ] │    └─PatchEmbed: 2-1                        [1, 196, 192]             --
2026-05-13 12:53:30 [INFO ] │    │    └─Conv2d: 3-1                       [1, 192, 14, 14]          147,648
2026-05-13 12:53:30 [INFO ] │    │    └─Identity: 3-2                     [1, 196, 192]             --
2026-05-13 12:53:30 [INFO ] │    └─Dropout: 2-2                           [1, 197, 192]             --
2026-05-13 12:53:30 [INFO ] │    └─Identity: 2-3                          [1, 197, 192]             --
2026-05-13 12:53:30 [INFO ] │    └─Identity: 2-4                          [1, 197, 192]             --
2026-05-13 12:53:30 [INFO ] │    └─Sequential: 2-5                        [1, 197, 192]             --
2026-05-13 12:53:30 [INFO ] │    │    └─Block: 3-3                        [1, 197, 192]             444,864
2026-05-13 12:53:30 [INFO ] │    │    └─Block: 3-4                        [1, 197, 192]             444,864
2026-05-13 12:53:30 [INFO ] │    │    └─Block: 3-5                        [1, 197, 192]             444,864
2026-05-13 12:53:30 [INFO ] │    │    └─Block: 3-6                        [1, 197, 192]             444,864
2026-05-13 12:53:30 [INFO ] │    │    └─Block: 3-7                        [1, 197, 192]             444,864
2026-05-13 12:53:30 [INFO ] │    │    └─Block: 3-8                        [1, 197, 192]             444,864
2026-05-13 12:53:30 [INFO ] │    │    └─Block: 3-9                        [1, 197, 192]             444,864
2026-05-13 12:53:30 [INFO ] │    │    └─Block: 3-10                       [1, 197, 192]             444,864
2026-05-13 12:53:30 [INFO ] │    │    └─Block: 3-11                       [1, 197, 192]             444,864
2026-05-13 12:53:30 [INFO ] │    │    └─Block: 3-12                       [1, 197, 192]             444,864
2026-05-13 12:53:30 [INFO ] │    │    └─Block: 3-13                       [1, 197, 192]             444,864
2026-05-13 12:53:30 [INFO ] │    │    └─Block: 3-14                       [1, 197, 192]             444,864
2026-05-13 12:53:30 [INFO ] │    └─LayerNorm: 2-6                         [1, 197, 192]             384
2026-05-13 12:53:30 [INFO ] │    └─Identity: 2-7                          [1, 192]                  --
2026-05-13 12:53:30 [INFO ] │    └─Dropout: 2-8                           [1, 192]                  --
2026-05-13 12:53:30 [INFO ] │    └─Identity: 2-9                          [1, 192]                  --
2026-05-13 12:53:30 [INFO ] ├─Sequential: 1-2                             [1, 19]                   --
2026-05-13 12:53:30 [INFO ] │    └─Dropout: 2-10                          [1, 192]                  --
2026-05-13 12:53:30 [INFO ] │    └─Linear: 2-11                           [1, 19]                   3,667
2026-05-13 12:53:30 [INFO ] ===============================================================================================
2026-05-13 12:53:30 [INFO ] Total params: 5,528,083
2026-05-13 12:53:30 [INFO ] Trainable params: 5,528,083
2026-05-13 12:53:30 [INFO ] Non-trainable params: 0
2026-05-13 12:53:30 [INFO ] Total mult-adds (Units.MEGABYTES): 34.28
2026-05-13 12:53:30 [INFO ] ===============================================================================================
2026-05-13 12:53:30 [INFO ] Input size (MB): 0.60
2026-05-13 12:53:30 [INFO ] Forward/backward pass size (MB): 40.55
2026-05-13 12:53:30 [INFO ] Params size (MB): 21.96
2026-05-13 12:53:30 [INFO ] Estimated Total Size (MB): 63.11
2026-05-13 12:53:30 [INFO ] ===============================================================================================
2026-05-13 12:53:30 [INFO ] Iniciando entrenamiento — 1 epochs | features: model-summary
2026-05-13 12:53:30 [INFO ] [E001/1] ── Entrenamiento  GPU=0.0GB/0.0GB  LR=1.78e-07 … 1.00e-05 (30 groups)
2026-05-13 13:04:54 [INFO ] [Epoch 001] Checkpoint guardado
2026-05-13 13:04:54 [INFO ] [E001/1] ══ RESUMEN  train_loss=0.2322  train_f1=0.3631  train_acc=0.9003 | val_loss=0.2130  val_f1=0.4460  best=0.4460 | val_prec=0.6532  val_rec=0.3901 | time=497s  ETA=0h 00m  GPU=0.1GB/1.3GB
2026-05-13 13:04:54 [INFO ] Entrenamiento completado — mejor Val F1: 0.4460
