2026-05-01 09:54:22 [INFO ] Iniciando entrenamiento — 30 epochs
2026-05-01 09:54:22 [INFO ] [Epoch 001/30] Entrenando...
2026-05-01 10:50:11 [INFO ] [Epoch 001/30] Evaluando...
2026-05-01 10:59:25 [INFO ] [Epoch 001] Checkpoint guardado
2026-05-01 10:59:25 [INFO ] [Epoch 001/30] train_loss=0.1657  train_f1=0.5868  train_acc=0.9295 | val_loss=0.1675  val_f1=0.5925  best=0.5925  val_acc=0.9283 | time=3349s  ETA=31h 25m
2026-05-01 10:59:25 [INFO ] [Epoch 002/30] Entrenando...
2026-05-01 11:55:12 [INFO ] [Epoch 002/30] Evaluando...
2026-05-01 12:04:27 [INFO ] [Epoch 002] Checkpoint guardado
2026-05-01 12:04:27 [INFO ] [Epoch 002/30] train_loss=0.1406  train_f1=0.6652  train_acc=0.9402 | val_loss=0.1670  val_f1=0.6146  best=0.6146  val_acc=0.9293 | time=3347s  ETA=30h 20m
2026-05-01 12:04:27 [INFO ] [Epoch 003/30] Entrenando...
2026-05-01 13:00:14 [INFO ] [Epoch 003/30] Evaluando...
2026-05-01 13:09:29 [INFO ] [Epoch 003] Checkpoint guardado
2026-05-01 13:09:29 [INFO ] [Epoch 003/30] train_loss=0.1311  train_f1=0.6939  train_acc=0.9441 | val_loss=0.1560  val_f1=0.6451  best=0.6451  val_acc=0.9341 | time=3347s  ETA=29h 15m
2026-05-01 13:09:29 [INFO ] [Epoch 004/30] Entrenando...
2026-05-01 14:05:15 [INFO ] [Epoch 004/30] Evaluando...
2026-05-01 14:14:29 [INFO ] [Epoch 004] Checkpoint guardado
2026-05-01 14:14:29 [INFO ] [Epoch 004/30] train_loss=0.1235  train_f1=0.7181  train_acc=0.9474 | val_loss=0.1547  val_f1=0.6570  best=0.6570  val_acc=0.9349 | time=3346s  ETA=28h 10m
2026-05-01 14:14:29 [INFO ] [Epoch 005/30] Entrenando...
2026-05-01 15:10:16 [INFO ] [Epoch 005/30] Evaluando...
2026-05-01 15:19:29 [INFO ] [Epoch 005/30] train_loss=0.1163  train_f1=0.7401  train_acc=0.9504 | val_loss=0.1560  val_f1=0.6365  best=0.6570  val_acc=0.9349 | time=3346s  ETA=27h 05m
2026-05-01 15:19:29 [INFO ] [Epoch 006/30] Entrenando...
2026-05-01 16:15:16 [INFO ] [Epoch 006/30] Evaluando...
2026-05-01 16:24:30 [INFO ] [Epoch 006/30] train_loss=0.1087  train_f1=0.7599  train_acc=0.9537 | val_loss=0.1626  val_f1=0.6422  best=0.6570  val_acc=0.9330 | time=3347s  ETA=26h 00m
2026-05-01 16:24:30 [INFO ] [Epoch 007/30] Entrenando...
2026-05-01 17:20:18 [INFO ] [Epoch 007/30] Evaluando...
2026-05-01 17:29:32 [INFO ] [Epoch 007/30] train_loss=0.1004  train_f1=0.7818  train_acc=0.9573 | val_loss=0.1651  val_f1=0.6516  best=0.6570  val_acc=0.9336 | time=3349s  ETA=24h 55m
2026-05-01 17:29:32 [INFO ] [Epoch 008/30] Entrenando...
2026-05-01 18:25:20 [INFO ] [Epoch 008/30] Evaluando...
2026-05-01 18:34:35 [INFO ] [Epoch 008/30] train_loss=0.0912  train_f1=0.8033  train_acc=0.9615 | val_loss=0.1750  val_f1=0.6559  best=0.6570  val_acc=0.9326 | time=3348s  ETA=23h 50m
2026-05-01 18:34:35 [INFO ] [Epoch 009/30] Entrenando...
2026-05-01 19:30:24 [INFO ] [Epoch 009/30] Evaluando...
2026-05-01 19:39:38 [INFO ] [Epoch 009] Checkpoint guardado
2026-05-01 19:39:38 [INFO ] [Epoch 009/30] train_loss=0.0811  train_f1=0.8248  train_acc=0.9659 | val_loss=0.1834  val_f1=0.6586  best=0.6586  val_acc=0.9335 | time=3349s  ETA=22h 45m
2026-05-01 19:39:38 [INFO ] [Epoch 010/30] Entrenando...
2026-05-01 20:35:26 [INFO ] [Epoch 010/30] Evaluando...
2026-05-01 20:44:40 [INFO ] [Epoch 010/30] train_loss=0.0706  train_f1=0.8457  train_acc=0.9706 | val_loss=0.2023  val_f1=0.6438  best=0.6586  val_acc=0.9320 | time=3348s  ETA=21h 40m
2026-05-01 20:44:40 [INFO ] [Epoch 011/30] Entrenando...
2026-05-01 21:40:27 [INFO ] [Epoch 011/30] Evaluando...
2026-05-01 21:49:41 [INFO ] [Epoch 011/30] train_loss=0.0597  train_f1=0.8655  train_acc=0.9754 | val_loss=0.2194  val_f1=0.6505  best=0.6586  val_acc=0.9309 | time=3348s  ETA=20h 35m
2026-05-01 21:49:41 [INFO ] [Epoch 012/30] Entrenando...
2026-05-01 22:45:29 [INFO ] [Epoch 012/30] Evaluando...
2026-05-01 22:54:43 [INFO ] [Epoch 012/30] train_loss=0.0492  train_f1=0.8830  train_acc=0.9799 | val_loss=0.2482  val_f1=0.6476  best=0.6586  val_acc=0.9302 | time=3348s  ETA=19h 30m
2026-05-01 22:54:43 [INFO ] [Epoch 013/30] Entrenando...
2026-05-01 23:50:30 [INFO ] [Epoch 013/30] Evaluando...
2026-05-01 23:59:44 [INFO ] [Epoch 013/30] train_loss=0.0397  train_f1=0.8959  train_acc=0.9841 | val_loss=0.2703  val_f1=0.6486  best=0.6586  val_acc=0.9301 | time=3348s  ETA=18h 25m
2026-05-01 23:59:44 [INFO ] [Epoch 014/30] Entrenando...
2026-05-02 00:55:32 [INFO ] [Epoch 014/30] Evaluando...
2026-05-02 01:04:45 [INFO ] [Epoch 014/30] train_loss=0.0310  train_f1=0.9087  train_acc=0.9877 | val_loss=0.3046  val_f1=0.6474  best=0.6586  val_acc=0.9302 | time=3348s  ETA=17h 20m
2026-05-02 01:04:45 [INFO ] [Epoch 015/30] Entrenando...
2026-05-02 02:00:34 [INFO ] [Epoch 015/30] Evaluando...
2026-05-02 02:09:48 [INFO ] [Epoch 015/30] train_loss=0.0241  train_f1=0.9173  train_acc=0.9906 | val_loss=0.3503  val_f1=0.6405  best=0.6586  val_acc=0.9296 | time=3349s  ETA=16h 15m
2026-05-02 02:09:48 [INFO ] [Epoch 016/30] Entrenando...
2026-05-02 03:05:37 [INFO ] [Epoch 016/30] Evaluando...
2026-05-02 03:14:51 [INFO ] [Epoch 016/30] train_loss=0.0183  train_f1=0.9248  train_acc=0.9930 | val_loss=0.3778  val_f1=0.6512  best=0.6586  val_acc=0.9301 | time=3349s  ETA=15h 10m
2026-05-02 03:14:51 [INFO ] [Epoch 017/30] Entrenando...
2026-05-02 04:10:40 [INFO ] [Epoch 017/30] Evaluando...
2026-05-02 04:19:54 [INFO ] [Epoch 017/30] train_loss=0.0140  train_f1=0.9306  train_acc=0.9947 | val_loss=0.3948  val_f1=0.6515  best=0.6586  val_acc=0.9306 | time=3349s  ETA=14h 05m
2026-05-02 04:19:54 [INFO ] [Epoch 018/30] Entrenando...
2026-05-02 05:15:43 [INFO ] [Epoch 018/30] Evaluando...
2026-05-02 05:24:57 [INFO ] [Epoch 018/30] train_loss=0.0105  train_f1=0.9352  train_acc=0.9961 | val_loss=0.4473  val_f1=0.6468  best=0.6586  val_acc=0.9293 | time=3349s  ETA=13h 00m
2026-05-02 05:24:57 [INFO ] [Epoch 019/30] Entrenando...
2026-05-02 06:20:46 [INFO ] [Epoch 019/30] Evaluando...
2026-05-02 06:30:00 [INFO ] [Epoch 019/30] train_loss=0.0079  train_f1=0.9384  train_acc=0.9971 | val_loss=0.4834  val_f1=0.6502  best=0.6586  val_acc=0.9310 | time=3349s  ETA=11h 55m
2026-05-02 06:30:00 [INFO ] [Epoch 020/30] Entrenando...
2026-05-02 07:25:50 [INFO ] [Epoch 020/30] Evaluando...
2026-05-02 07:35:04 [INFO ] [Epoch 020/30] train_loss=0.0058  train_f1=0.9409  train_acc=0.9979 | val_loss=0.5243  val_f1=0.6474  best=0.6586  val_acc=0.9309 | time=3349s  ETA=10h 50m
2026-05-02 07:35:04 [INFO ] [Epoch 021/30] Entrenando...
2026-05-02 08:30:53 [INFO ] [Epoch 021/30] Evaluando...
2026-05-02 08:40:07 [INFO ] [Epoch 021/30] train_loss=0.0042  train_f1=0.9426  train_acc=0.9985 | val_loss=0.5486  val_f1=0.6521  best=0.6586  val_acc=0.9313 | time=3349s  ETA=9h 45m
2026-05-02 08:40:07 [INFO ] [Epoch 022/30] Entrenando...
2026-05-02 09:35:57 [INFO ] [Epoch 022/30] Evaluando...
2026-05-02 09:45:12 [INFO ] [Epoch 022/30] train_loss=0.0029  train_f1=0.9441  train_acc=0.9990 | val_loss=0.5808  val_f1=0.6482  best=0.6586  val_acc=0.9313 | time=3350s  ETA=8h 40m
2026-05-02 09:45:12 [INFO ] [Epoch 023/30] Entrenando...
2026-05-02 10:41:04 [INFO ] [Epoch 023/30] Evaluando...
2026-05-02 10:50:19 [INFO ] [Epoch 023/30] train_loss=0.0020  train_f1=0.9453  train_acc=0.9993 | val_loss=0.6042  val_f1=0.6501  best=0.6586  val_acc=0.9318 | time=3352s  ETA=7h 35m
2026-05-02 10:50:19 [INFO ] [Epoch 024/30] Entrenando...
2026-05-02 11:46:12 [INFO ] [Epoch 024/30] Evaluando...
2026-05-02 11:55:27 [INFO ] [Epoch 024/30] train_loss=0.0013  train_f1=0.9461  train_acc=0.9996 | val_loss=0.6213  val_f1=0.6503  best=0.6586  val_acc=0.9316 | time=3353s  ETA=6h 30m
2026-05-02 11:55:27 [INFO ] [Epoch 025/30] Entrenando...
2026-05-02 12:51:20 [INFO ] [Epoch 025/30] Evaluando...
2026-05-02 13:00:34 [INFO ] [Epoch 025/30] train_loss=0.0008  train_f1=0.9467  train_acc=0.9998 | val_loss=0.6433  val_f1=0.6509  best=0.6586  val_acc=0.9319 | time=3353s  ETA=5h 25m
2026-05-02 13:00:34 [INFO ] [Epoch 026/30] Entrenando...
2026-05-02 13:56:27 [INFO ] [Epoch 026/30] Evaluando...
2026-05-02 14:05:42 [INFO ] [Epoch 026/30] train_loss=0.0005  train_f1=0.9470  train_acc=0.9999 | val_loss=0.6549  val_f1=0.6524  best=0.6586  val_acc=0.9324 | time=3353s  ETA=4h 20m
2026-05-02 14:05:42 [INFO ] [Epoch 027/30] Entrenando...
2026-05-02 15:01:35 [INFO ] [Epoch 027/30] Evaluando...
2026-05-02 15:10:50 [INFO ] [Epoch 027/30] train_loss=0.0003  train_f1=0.9471  train_acc=0.9999 | val_loss=0.6613  val_f1=0.6536  best=0.6586  val_acc=0.9324 | time=3353s  ETA=3h 15m
2026-05-02 15:10:50 [INFO ] [Epoch 028/30] Entrenando...
2026-05-02 16:06:43 [INFO ] [Epoch 028/30] Evaluando...
2026-05-02 16:15:58 [INFO ] [Epoch 028/30] train_loss=0.0002  train_f1=0.9472  train_acc=1.0000 | val_loss=0.6692  val_f1=0.6536  best=0.6586  val_acc=0.9326 | time=3354s  ETA=2h 10m
2026-05-02 16:15:58 [INFO ] [Epoch 029/30] Entrenando...
2026-05-02 17:11:52 [INFO ] [Epoch 029/30] Evaluando...
2026-05-02 17:21:07 [INFO ] [Epoch 029/30] train_loss=0.0001  train_f1=0.9473  train_acc=1.0000 | val_loss=0.6723  val_f1=0.6540  best=0.6586  val_acc=0.9326 | time=3354s  ETA=1h 05m
2026-05-02 17:21:07 [INFO ] [Epoch 030/30] Entrenando...
2026-05-02 18:17:02 [INFO ] [Epoch 030/30] Evaluando...
2026-05-02 18:26:17 [INFO ] [Epoch 030/30] train_loss=0.0001  train_f1=0.9473  train_acc=1.0000 | val_loss=0.6744  val_f1=0.6540  best=0.6586  val_acc=0.9326 | time=3355s  ETA=0h 00m
2026-05-02 18:26:17 [INFO ] Entrenamiento completado — mejor Val F1: 0.6586
