19:41:20  Model-parallel ViT on devices=['cuda:0', 'cuda:1'] (true 2-device split)
19:41:23  Configuración: modelo=vit_base_patch16_224 | paralelismo=modelo(pipeline) | split_block=6/12 | devices=cuda:0+cuda:1 | batch=96 | epochs=15 | lr=0.0001 | train=5000 | val=1500
19:44:24  ── Epoch 1/15  (181.7s)
    loss      train=0.2878  val=0.2513
    f1        train=0.2222  val=0.2823  (best=0.2823)
    accuracy  train=0.8714  val=0.8929
    precision val=0.4290    recall val=0.2464
    ETA: 0h 42m (182s/epoch)
19:47:51  ── Epoch 2/15  (207.2s)
    loss      train=0.2264  val=0.2354
    f1        train=0.3519  val=0.4061  (best=0.4061)
    accuracy  train=0.9023  val=0.8997
    precision val=0.4986    recall val=0.3733
    ETA: 0h 42m (207s/epoch)
19:51:22  ── Epoch 3/15  (210.9s)
    loss      train=0.2064  val=0.2203
    f1        train=0.4230  val=0.4088  (best=0.4088)
    accuracy  train=0.9124  val=0.9061
    precision val=0.5595    recall val=0.3618
    ETA: 0h 39m (211s/epoch)
19:54:53  ── Epoch 4/15  (210.5s)
    loss      train=0.1900  val=0.2141
    f1        train=0.4690  val=0.4481  (best=0.4481)
    accuracy  train=0.9201  val=0.9089
    precision val=0.5453    recall val=0.4250
    ETA: 0h 37m (211s/epoch)
19:58:24  ── Epoch 5/15  (210.8s)
    loss      train=0.1746  val=0.2119
    f1        train=0.5277  val=0.4795  (best=0.4795)
    accuracy  train=0.9266  val=0.9107
    precision val=0.5692    recall val=0.4564
    ETA: 0h 34m (211s/epoch)
20:01:55  ── Epoch 6/15  (211.0s)
    loss      train=0.1589  val=0.2063
    f1        train=0.5974  val=0.4885  (best=0.4885)
    accuracy  train=0.9339  val=0.9151
    precision val=0.6050    recall val=0.4421
    ETA: 0h 30m (211s/epoch)
20:05:26  ── Epoch 7/15  (211.3s)
    loss      train=0.1432  val=0.2071
    f1        train=0.6600  val=0.4971  (best=0.4971)
    accuracy  train=0.9403  val=0.9165
    precision val=0.6342    recall val=0.4533
    ETA: 0h 27m (211s/epoch)
20:08:57  ── Epoch 8/15  (210.7s)
    loss      train=0.1265  val=0.2232
    f1        train=0.7018  val=0.5317  (best=0.5317)
    accuracy  train=0.9474  val=0.9140
    precision val=0.6422    recall val=0.4810
    ETA: 0h 24m (211s/epoch)
20:12:27  ── Epoch 9/15  (210.5s)
    loss      train=0.1108  val=0.2212
    f1        train=0.7477  val=0.5252  (best=0.5317)
    accuracy  train=0.9545  val=0.9141
    precision val=0.6523    recall val=0.4766
    ETA: 0h 20m (211s/epoch)
20:15:58  ── Epoch 10/15  (211.1s)
    loss      train=0.0957  val=0.2291
    f1        train=0.7880  val=0.5337  (best=0.5337)
    accuracy  train=0.9619  val=0.9154
    precision val=0.6494    recall val=0.4909
    ETA: 0h 17m (211s/epoch)
20:19:29  ── Epoch 11/15  (211.0s)
    loss      train=0.0820  val=0.2382
    f1        train=0.8258  val=0.5291  (best=0.5337)
    accuracy  train=0.9684  val=0.9136
    precision val=0.6408    recall val=0.4836
    ETA: 0h 13m (211s/epoch)
20:23:00  ── Epoch 12/15  (210.7s)
    loss      train=0.0729  val=0.2415
    f1        train=0.8383  val=0.5328  (best=0.5337)
    accuracy  train=0.9726  val=0.9149
    precision val=0.6471    recall val=0.4835
    ETA: 0h 10m (211s/epoch)
20:26:30  ── Epoch 13/15  (210.3s)
    loss      train=0.0658  val=0.2445
    f1        train=0.8533  val=0.5240  (best=0.5337)
    accuracy  train=0.9760  val=0.9135
    precision val=0.6430    recall val=0.4842
    ETA: 0h 06m (210s/epoch)
20:30:01  ── Epoch 14/15  (210.7s)
    loss      train=0.0611  val=0.2435
    f1        train=0.8692  val=0.5302  (best=0.5337)
    accuracy  train=0.9785  val=0.9149
    precision val=0.6427    recall val=0.4856
    ETA: 0h 03m (211s/epoch)
20:33:32  ── Epoch 15/15  (211.0s)
    loss      train=0.0581  val=0.2439
    f1        train=0.8760  val=0.5302  (best=0.5337)
    accuracy  train=0.9798  val=0.9144
    precision val=0.6420    recall val=0.4843
    ETA: 0h 00m (211s/epoch)
20:33:32  Done. Best Val F1=0.5337. Artefacts in logs/kaggle/model_parallel/vit_base_patch16_224
