2026-06-03 22:06:50 [INFO ] Iniciando entrenamiento — 3 epochs
2026-06-03 22:06:50 [INFO ] 
── Epoch 001/003 ────────────────────────────
2026-06-03 22:10:40 [INFO ] [energy] HeterogeneousDDPTrainer.train_epoch: 10476.4 J  (2.91010 Wh)  potencia media 46.9 W
2026-06-03 22:10:40 [INFO ] [timed] HeterogeneousDDPTrainer.train_epoch: 230.16s
2026-06-03 22:11:03 [INFO ] [energy] DDPTrainer.eval_epoch: 930.7 J  (0.25852 Wh)  potencia media 42.1 W
2026-06-03 22:11:03 [INFO ] [timed] DDPTrainer.eval_epoch: 22.86s
2026-06-03 22:11:03 [INFO ]   loss           train=10.1348  val=0.3625
2026-06-03 22:11:03 [INFO ]   f1             train=0.1127  val=0.0556
2026-06-03 22:11:03 [INFO ]   accuracy       train=0.7399  val=0.8512
2026-06-03 22:11:03 [INFO ]   precision      val=0.1816
2026-06-03 22:11:03 [INFO ]   recall         val=0.0349
2026-06-03 22:11:08 [INFO ] [Epoch 001] Checkpoint guardado
2026-06-03 22:11:08 [INFO ]   ETA: 0h 08m  (230s/epoch, best_f1=0.0556)  (threshold óptimo=0.30, F1=0.1863)
2026-06-03 22:11:08 [INFO ] 
── Epoch 002/003 ────────────────────────────
2026-06-03 22:14:52 [INFO ] [energy] HeterogeneousDDPTrainer.train_epoch: 10261.7 J  (2.85048 Wh)  potencia media 47.1 W
2026-06-03 22:14:52 [INFO ] [timed] HeterogeneousDDPTrainer.train_epoch: 224.22s
2026-06-03 22:15:15 [INFO ] [energy] DDPTrainer.eval_epoch: 1003.6 J  (0.27877 Wh)  potencia media 45.6 W
2026-06-03 22:15:15 [INFO ] [timed] DDPTrainer.eval_epoch: 22.70s
2026-06-03 22:15:15 [INFO ]   loss           train=5.6022  val=0.2671
2026-06-03 22:15:15 [INFO ]   f1             train=0.1927  val=0.2070
2026-06-03 22:15:15 [INFO ]   accuracy       train=0.8745  val=0.8842
2026-06-03 22:15:15 [INFO ]   precision      val=0.3866
2026-06-03 22:15:15 [INFO ]   recall         val=0.1756
2026-06-03 22:15:20 [INFO ] [Epoch 002] Checkpoint guardado
2026-06-03 22:15:20 [INFO ]   ETA: 0h 04m  (224s/epoch, best_f1=0.2070)  (threshold óptimo=0.30, F1=0.3255)
2026-06-03 22:15:20 [INFO ] 
── Epoch 003/003 ────────────────────────────
2026-06-03 22:19:07 [INFO ] [energy] HeterogeneousDDPTrainer.train_epoch: 10469.4 J  (2.90817 Wh)  potencia media 47.5 W
2026-06-03 22:19:07 [INFO ] [timed] HeterogeneousDDPTrainer.train_epoch: 227.00s
2026-06-03 22:19:30 [INFO ] [energy] DDPTrainer.eval_epoch: 998.6 J  (0.27740 Wh)  potencia media 45.6 W
2026-06-03 22:19:30 [INFO ] [timed] DDPTrainer.eval_epoch: 22.62s
2026-06-03 22:19:30 [INFO ]   loss           train=4.9307  val=0.2570
2026-06-03 22:19:30 [INFO ]   f1             train=0.2516  val=0.2807
2026-06-03 22:19:30 [INFO ]   accuracy       train=0.8876  val=0.8899
2026-06-03 22:19:30 [INFO ]   precision      val=0.4592
2026-06-03 22:19:30 [INFO ]   recall         val=0.2347
2026-06-03 22:19:34 [INFO ] [Epoch 003] Checkpoint guardado
2026-06-03 22:19:34 [INFO ]   ETA: 0h 00m  (227s/epoch, best_f1=0.2807)  (threshold óptimo=0.30, F1=0.3519)
2026-06-03 22:19:34 [INFO ] Entrenamiento completado — mejor Val F1: 0.2807
